{"numTotalTestSuites":78,"numPassedTestSuites":78,"numFailedTestSuites":0,"numPendingTestSuites":0,"numTotalTests":253,"numPassedTests":253,"numFailedTests":0,"numPendingTests":0,"numTodoTests":0,"snapshot":{"added":0,"failure":false,"filesAdded":0,"filesRemoved":0,"filesRemovedList":[],"filesUnmatched":0,"filesUpdated":0,"matched":0,"total":0,"unchecked":0,"uncheckedKeysByFile":[],"unmatched":0,"updated":0,"didUpdate":false},"startTime":1753695769811,"success":true,"testResults":[{"assertionResults":[{"ancestorTitles":["receiptApp","初期状態"],"fullName":"receiptApp 初期状態 初期値が正しく設定される","status":"passed","title":"初期値が正しく設定される","duration":4.289125000000013,"failureMessages":[],"meta":{}},{"ancestorTitles":["receiptApp","初期状態"],"fullName":"receiptApp 初期状態 設定が正しく読み込まれる","status":"passed","title":"設定が正しく読み込まれる","duration":0.37874999999996817,"failureMessages":[],"meta":{}},{"ancestorTitles":["receiptApp","初期状態"],"fullName":"receiptApp 初期状態 tempSettingsが空の状態で初期化される","status":"passed","title":"tempSettingsが空の状態で初期化される","duration":0.232167000000004,"failureMessages":[],"meta":{}},{"ancestorTitles":["receiptApp","初期状態"],"fullName":"receiptApp 初期状態 isSettingsCompleteゲッターが正しく動作する","status":"passed","title":"isSettingsCompleteゲッターが正しく動作する","duration":0.713292000000024,"failureMessages":[],"meta":{}},{"ancestorTitles":["receiptApp","init()メソッド"],"fullName":"receiptApp init()メソッド APIキーと送信元アドレスが設定される","status":"passed","title":"APIキーと送信元アドレスが設定される","duration":1.074166000000048,"failureMessages":[],"meta":{}},{"ancestorTitles":["receiptApp","init()メソッド"],"fullName":"receiptApp init()メソッド APIキーが空の場合はsetApiKeyが呼ばれない","status":"passed","title":"APIキーが空の場合はsetApiKeyが呼ばれない","duration":0.34704099999999016,"failureMessages":[],"meta":{}},{"ancestorTitles":["receiptApp","init()メソッド"],"fullName":"receiptApp init()メソッド 送信元アドレスが空の場合はsetFromEmailが呼ばれない","status":"passed","title":"送信元アドレスが空の場合はsetFromEmailが呼ばれない","duration":0.2303330000000301,"failureMessages":[],"meta":{}},{"ancestorTitles":["receiptApp","init()メソッド"],"fullName":"receiptApp init()メソッド プリセットが空の場合は再生成される","status":"passed","title":"プリセットが空の場合は再生成される","duration":0.24291700000003402,"failureMessages":[],"meta":{}},{"ancestorTitles":["receiptApp","init()メソッド"],"fullName":"receiptApp init()メソッド プリセットが存在しない場合は再生成される","status":"passed","title":"プリセットが存在しない場合は再生成される","duration":0.9303329999999619,"failureMessages":[],"meta":{}},{"ancestorTitles":["receiptApp","init()メソッド"],"fullName":"receiptApp init()メソッド Dropboxプリセットが不足している場合の整合性チェック","status":"passed","title":"Dropboxプリセットが不足している場合の整合性チェック","duration":0.7740420000000086,"failureMessages":[],"meta":{}},{"ancestorTitles":["receiptApp","init()メソッド"],"fullName":"receiptApp init()メソッド Dropboxプリセットが非アクティブの場合の修正","status":"passed","title":"Dropboxプリセットが非アクティブの場合の修正","duration":0.2764169999999808,"failureMessages":[],"meta":{}},{"ancestorTitles":["receiptApp","init()メソッド"],"fullName":"receiptApp init()メソッド メインプリセットのメールアドレス不一致の場合の修正","status":"passed","title":"メインプリセットのメールアドレス不一致の場合の修正","duration":0.24754100000001245,"failureMessages":[],"meta":{}},{"ancestorTitles":["receiptApp","init()メソッド"],"fullName":"receiptApp init()メソッド プリセットが正常な場合はupdateAllPresetのみ呼ばれる","status":"passed","title":"プリセットが正常な場合はupdateAllPresetのみ呼ばれる","duration":0.23466700000000174,"failureMessages":[],"meta":{}},{"ancestorTitles":["receiptApp","init()メソッド"],"fullName":"receiptApp init()メソッド デバッグログが追加される","status":"passed","title":"デバッグログが追加される","duration":0.3170420000000149,"failureMessages":[],"meta":{}},{"ancestorTitles":["receiptApp","retake()メソッド"],"fullName":"receiptApp retake()メソッド 写真とエラーをクリアする","status":"passed","title":"写真とエラーをクリアする","duration":0.1927919999999972,"failureMessages":[],"meta":{}},{"ancestorTitles":["receiptApp","returnToHome()メソッド"],"fullName":"receiptApp returnToHome()メソッド 写真とエラーをクリアする","status":"passed","title":"写真とエラーをクリアする","duration":0.18729200000001356,"failureMessages":[],"meta":{}},{"ancestorTitles":["receiptApp","toggleDebug()メソッド"],"fullName":"receiptApp toggleDebug()メソッド デバッグ表示をトグルする","status":"passed","title":"デバッグ表示をトグルする","duration":0.19841700000000628,"failureMessages":[],"meta":{}},{"ancestorTitles":["receiptApp","showError()メソッド"],"fullName":"receiptApp showError()メソッド エラーメッセージを設定する","status":"passed","title":"エラーメッセージを設定する","duration":1.0877920000000358,"failureMessages":[],"meta":{}},{"ancestorTitles":["receiptApp","showError()メソッド"],"fullName":"receiptApp showError()メソッド 10秒後にエラーメッセージをクリアする","status":"passed","title":"10秒後にエラーメッセージをクリアする","duration":0.4724579999999605,"failureMessages":[],"meta":{}},{"ancestorTitles":["receiptApp","showError()メソッド"],"fullName":"receiptApp showError()メソッド エラーメッセージが変更された場合は自動クリアしない","status":"passed","title":"エラーメッセージが変更された場合は自動クリアしない","duration":0.26766600000007656,"failureMessages":[],"meta":{}},{"ancestorTitles":["receiptApp","addDebugLog()メソッド"],"fullName":"receiptApp addDebugLog()メソッド デバッグログが正しく追加される","status":"passed","title":"デバッグログが正しく追加される","duration":0.5927090000000135,"failureMessages":[],"meta":{}},{"ancestorTitles":["receiptApp","addDebugLog()メソッド"],"fullName":"receiptApp addDebugLog()メソッド デフォルトのタイプはinfoになる","status":"passed","title":"デフォルトのタイプはinfoになる","duration":0.2825830000000451,"failureMessages":[],"meta":{}},{"ancestorTitles":["receiptApp","addDebugLog()メソッド"],"fullName":"receiptApp addDebugLog()メソッド 各タイプのログが正しく記録される","status":"passed","title":"各タイプのログが正しく記録される","duration":0.5783750000000509,"failureMessages":[],"meta":{}},{"ancestorTitles":["receiptApp","addDebugLog()メソッド"],"fullName":"receiptApp addDebugLog()メソッド DebugServiceにも記録される","status":"passed","title":"DebugServiceにも記録される","duration":0.6037910000000011,"failureMessages":[],"meta":{}},{"ancestorTitles":["receiptApp","addDebugLog()メソッド"],"fullName":"receiptApp addDebugLog()メソッド 100件を超えるログは古いものから削除される","status":"passed","title":"100件を超えるログは古いものから削除される","duration":1.3292500000000018,"failureMessages":[],"meta":{}},{"ancestorTitles":["receiptApp","addDebugLog()メソッド"],"fullName":"receiptApp addDebugLog()メソッド 時刻が正しくフォーマットされる","status":"passed","title":"時刻が正しくフォーマットされる","duration":0.29362500000002,"failureMessages":[],"meta":{}},{"ancestorTitles":["receiptApp","addDebugLog()メソッド"],"fullName":"receiptApp addDebugLog()メソッド DOM要素が存在しない場合もエラーにならない","status":"passed","title":"DOM要素が存在しない場合もエラーにならない","duration":0.6550829999999905,"failureMessages":[],"meta":{}},{"ancestorTitles":["receiptApp","addDebugLog()メソッド"],"fullName":"receiptApp addDebugLog()メソッド bg-black要素が存在しない場合もエラーにならない","status":"passed","title":"bg-black要素が存在しない場合もエラーにならない","duration":0.32995900000003076,"failureMessages":[],"meta":{}},{"ancestorTitles":["receiptApp","clearDebugLogs()メソッド"],"fullName":"receiptApp clearDebugLogs()メソッド ログをクリアする","status":"passed","title":"ログをクリアする","duration":0.2926660000000538,"failureMessages":[],"meta":{}},{"ancestorTitles":["receiptApp","clearDebugLogs()メソッド"],"fullName":"receiptApp clearDebugLogs()メソッド DebugServiceもクリアされる","status":"passed","title":"DebugServiceもクリアされる","duration":0.3399580000000242,"failureMessages":[],"meta":{}},{"ancestorTitles":["receiptApp","copyDebugLogs()メソッド"],"fullName":"receiptApp copyDebugLogs()メソッド ログをクリップボードにコピーする","status":"passed","title":"ログをクリップボードにコピーする","duration":0.5188750000000937,"failureMessages":[],"meta":{}},{"ancestorTitles":["receiptApp","handleNativeCamera()メソッド"],"fullName":"receiptApp handleNativeCamera()メソッド ファイルが選択された場合に画像を処理する","status":"passed","title":"ファイルが選択された場合に画像を処理する","duration":0.9928750000000264,"failureMessages":[],"meta":{}},{"ancestorTitles":["receiptApp","handleNativeCamera()メソッド"],"fullName":"receiptApp handleNativeCamera()メソッド ファイルが選択されていない場合は何もしない","status":"passed","title":"ファイルが選択されていない場合は何もしない","duration":0.32654200000001765,"failureMessages":[],"meta":{}},{"ancestorTitles":["receiptApp","handleNativeCamera()メソッド"],"fullName":"receiptApp handleNativeCamera()メソッド FileReader でエラーが発生した場合","status":"passed","title":"FileReader でエラーが発生した場合","duration":0.4121670000000677,"failureMessages":[],"meta":{}},{"ancestorTitles":["receiptApp","handleNativeCamera()メソッド"],"fullName":"receiptApp handleNativeCamera()メソッド input値がリセットされる","status":"passed","title":"input値がリセットされる","duration":0.3105839999999489,"failureMessages":[],"meta":{}},{"ancestorTitles":["receiptApp","sendMail()メソッド"],"fullName":"receiptApp sendMail()メソッド 設定が不完全な場合はエラーを表示する","status":"passed","title":"設定が不完全な場合はエラーを表示する","duration":0.3747090000000526,"failureMessages":[],"meta":{}},{"ancestorTitles":["receiptApp","sendMail()メソッド"],"fullName":"receiptApp sendMail()メソッド メール送信が成功した場合","status":"passed","title":"メール送信が成功した場合","duration":0.4247920000000249,"failureMessages":[],"meta":{}},{"ancestorTitles":["receiptApp","sendMail()メソッド"],"fullName":"receiptApp sendMail()メソッド メール送信が失敗した場合はretakeしない","status":"passed","title":"メール送信が失敗した場合はretakeしない","duration":0.2681670000000622,"failureMessages":[],"meta":{}},{"ancestorTitles":["receiptApp","sendMail()メソッド"],"fullName":"receiptApp sendMail()メソッド 成功メッセージは3秒後に自動クリアされる","status":"passed","title":"成功メッセージは3秒後に自動クリアされる","duration":0.34495800000001964,"failureMessages":[],"meta":{}},{"ancestorTitles":["receiptApp","sendMail()メソッド"],"fullName":"receiptApp sendMail()メソッド 通常のエラーメッセージは自動クリアされない","status":"passed","title":"通常のエラーメッセージは自動クリアされない","duration":0.2789579999999887,"failureMessages":[],"meta":{}},{"ancestorTitles":["receiptApp","sendMailToPreset()メソッド"],"fullName":"receiptApp sendMailToPreset()メソッド 指定されたプリセットでメール送信する","status":"passed","title":"指定されたプリセットでメール送信する","duration":0.3502920000000813,"failureMessages":[],"meta":{}},{"ancestorTitles":["receiptApp","sendMailToPreset()メソッド"],"fullName":"receiptApp sendMailToPreset()メソッド 送信状態が正しく管理される","status":"passed","title":"送信状態が正しく管理される","duration":0.318416999999954,"failureMessages":[],"meta":{}},{"ancestorTitles":["receiptApp","設定管理機能","openSettings()メソッド"],"fullName":"receiptApp 設定管理機能 openSettings()メソッド 設定モーダルを開く","status":"passed","title":"設定モーダルを開く","duration":0.20029200000010405,"failureMessages":[],"meta":{}},{"ancestorTitles":["receiptApp","設定管理機能","openSettings()メソッド"],"fullName":"receiptApp 設定管理機能 openSettings()メソッド 現在の設定を一時設定にコピーする","status":"passed","title":"現在の設定を一時設定にコピーする","duration":0.2340000000000373,"failureMessages":[],"meta":{}},{"ancestorTitles":["receiptApp","設定管理機能","openSettings()メソッド"],"fullName":"receiptApp 設定管理機能 openSettings()メソッド dropboxEmailとfromEmailがundefinedの場合は空文字列にする","status":"passed","title":"dropboxEmailとfromEmailがundefinedの場合は空文字列にする","duration":0.1954169999999067,"failureMessages":[],"meta":{}},{"ancestorTitles":["receiptApp","設定管理機能","openSettings()メソッド"],"fullName":"receiptApp 設定管理機能 openSettings()メソッド sendPresetsの深いコピーが作成される","status":"passed","title":"sendPresetsの深いコピーが作成される","duration":0.36725000000001273,"failureMessages":[],"meta":{}},{"ancestorTitles":["receiptApp","設定管理機能","closeSettings()メソッド"],"fullName":"receiptApp 設定管理機能 closeSettings()メソッド 設定モーダルを閉じる","status":"passed","title":"設定モーダルを閉じる","duration":0.18258400000001984,"failureMessages":[],"meta":{}},{"ancestorTitles":["receiptApp","設定管理機能","closeSettings()メソッド"],"fullName":"receiptApp 設定管理機能 closeSettings()メソッド 一時設定をクリアする","status":"passed","title":"一時設定をクリアする","duration":0.1958750000000009,"failureMessages":[],"meta":{}},{"ancestorTitles":["receiptApp","設定管理機能","saveSettings()メソッド"],"fullName":"receiptApp 設定管理機能 saveSettings()メソッド 一時設定から正式設定に保存する","status":"passed","title":"一時設定から正式設定に保存する","duration":0.39012499999989814,"failureMessages":[],"meta":{}},{"ancestorTitles":["receiptApp","設定管理機能","saveSettings()メソッド"],"fullName":"receiptApp 設定管理機能 saveSettings()メソッド 設定値の前後の空白をトリムする","status":"passed","title":"設定値の前後の空白をトリムする","duration":0.24195799999995415,"failureMessages":[],"meta":{}},{"ancestorTitles":["receiptApp","設定管理機能","saveSettings()メソッド"],"fullName":"receiptApp 設定管理機能 saveSettings()メソッド dropboxEmailとfromEmailがundefinedの場合は空文字列にする","status":"passed","title":"dropboxEmailとfromEmailがundefinedの場合は空文字列にする","duration":0.22924999999997908,"failureMessages":[],"meta":{}},{"ancestorTitles":["receiptApp","設定管理機能","saveSettings()メソッド"],"fullName":"receiptApp 設定管理機能 saveSettings()メソッド 保存成功時にデバッグログを出力する","status":"passed","title":"保存成功時にデバッグログを出力する","duration":0.22370899999998528,"failureMessages":[],"meta":{}},{"ancestorTitles":["receiptApp","設定管理機能","saveSettings()メソッド"],"fullName":"receiptApp 設定管理機能 saveSettings()メソッド 保存失敗時にエラーを表示する","status":"passed","title":"保存失敗時にエラーを表示する","duration":0.28274999999996453,"failureMessages":[],"meta":{}},{"ancestorTitles":["receiptApp","設定管理機能","saveSettings()メソッド"],"fullName":"receiptApp 設定管理機能 saveSettings()メソッド 保存失敗時は元の設定を維持する","status":"passed","title":"保存失敗時は元の設定を維持する","duration":0.21620899999993526,"failureMessages":[],"meta":{}},{"ancestorTitles":["receiptApp","エラーメッセージの自動クリア機能"],"fullName":"receiptApp エラーメッセージの自動クリア機能 sendMail内での成功メッセージ自動クリア","status":"passed","title":"sendMail内での成功メッセージ自動クリア","duration":0.35599999999999454,"failureMessages":[],"meta":{}},{"ancestorTitles":["receiptApp","エラーメッセージの自動クリア機能"],"fullName":"receiptApp エラーメッセージの自動クリア機能 sendMailToPreset内での成功メッセージ自動クリア","status":"passed","title":"sendMailToPreset内での成功メッセージ自動クリア","duration":0.30033399999990706,"failureMessages":[],"meta":{}},{"ancestorTitles":["receiptApp","エラーメッセージの自動クリア機能"],"fullName":"receiptApp エラーメッセージの自動クリア機能 エラーメッセージが途中で変更された場合は自動クリアしない","status":"passed","title":"エラーメッセージが途中で変更された場合は自動クリアしない","duration":1.6946250000000873,"failureMessages":[],"meta":{}},{"ancestorTitles":["receiptApp","Alpine.js統合"],"fullName":"receiptApp Alpine.js統合 receiptApp関数が適切にエクスポートされている","status":"passed","title":"receiptApp関数が適切にエクスポートされている","duration":0.23145799999997507,"failureMessages":[],"meta":{}},{"ancestorTitles":["receiptApp","Alpine.js統合"],"fullName":"receiptApp Alpine.js統合 receiptApp関数が適切なオブジェクトを返す","status":"passed","title":"receiptApp関数が適切なオブジェクトを返す","duration":0.28479200000003857,"failureMessages":[],"meta":{}},{"ancestorTitles":["receiptApp","Alpine.js統合"],"fullName":"receiptApp Alpine.js統合 alpine:initイベントでAlpine.dataが呼ばれる（app.ts 332-333行目をカバー）","status":"passed","title":"alpine:initイベントでAlpine.dataが呼ばれる（app.ts 332-333行目をカバー）","duration":0.8846670000000358,"failureMessages":[],"meta":{}}],"startTime":1753695770325,"endTime":1753695770356.8848,"status":"passed","message":"","name":"/Users/satoshi/src/yayoi-receipt-for-smart/src/__tests__/app.test.ts"},{"assertionResults":[{"ancestorTitles":["DebugService","add()"],"fullName":"DebugService add() 正常にログを追加できる","status":"passed","title":"正常にログを追加できる","duration":2.6539999999999964,"failureMessages":[],"meta":{}},{"ancestorTitles":["DebugService","add()"],"fullName":"DebugService add() デフォルトのタイプはinfoである","status":"passed","title":"デフォルトのタイプはinfoである","duration":0.21041600000000926,"failureMessages":[],"meta":{}},{"ancestorTitles":["DebugService","add()"],"fullName":"DebugService add() 時刻フォーマットが正しい","status":"passed","title":"時刻フォーマットが正しい","duration":0.125,"failureMessages":[],"meta":{}},{"ancestorTitles":["DebugService","add()"],"fullName":"DebugService add() 異なるログタイプを正常に処理する","status":"passed","title":"異なるログタイプを正常に処理する","duration":0.27675000000004957,"failureMessages":[],"meta":{}},{"ancestorTitles":["DebugService","add()"],"fullName":"DebugService add() 最大ログ数を超えると古いログが削除される","status":"passed","title":"最大ログ数を超えると古いログが削除される","duration":0.2771250000000123,"failureMessages":[],"meta":{}},{"ancestorTitles":["DebugService","getAll()"],"fullName":"DebugService getAll() 空のログ配列を返す","status":"passed","title":"空のログ配列を返す","duration":0.159041000000002,"failureMessages":[],"meta":{}},{"ancestorTitles":["DebugService","getAll()"],"fullName":"DebugService getAll() 追加されたログをすべて返す","status":"passed","title":"追加されたログをすべて返す","duration":0.160000000000025,"failureMessages":[],"meta":{}},{"ancestorTitles":["DebugService","getAll()"],"fullName":"DebugService getAll() 配列のコピーを返す（元の配列を変更しても影響されない）","status":"passed","title":"配列のコピーを返す（元の配列を変更しても影響されない）","duration":0.1468330000000151,"failureMessages":[],"meta":{}},{"ancestorTitles":["DebugService","clear()"],"fullName":"DebugService clear() すべてのログをクリアする","status":"passed","title":"すべてのログをクリアする","duration":0.12933299999997416,"failureMessages":[],"meta":{}},{"ancestorTitles":["DebugService","export()"],"fullName":"DebugService export() 空のログの場合は空文字列を返す","status":"passed","title":"空のログの場合は空文字列を返す","duration":0.15749999999997044,"failureMessages":[],"meta":{}},{"ancestorTitles":["DebugService","export()"],"fullName":"DebugService export() ログをテキスト形式でエクスポートする","status":"passed","title":"ログをテキスト形式でエクスポートする","duration":0.198791999999969,"failureMessages":[],"meta":{}},{"ancestorTitles":["DebugService","export()"],"fullName":"DebugService export() タイプが大文字に変換される","status":"passed","title":"タイプが大文字に変換される","duration":0.16925000000003365,"failureMessages":[],"meta":{}},{"ancestorTitles":["DebugService","copyToClipboard()"],"fullName":"DebugService copyToClipboard() navigator.clipboardが利用可能な場合は正常にコピーする","status":"passed","title":"navigator.clipboardが利用可能な場合は正常にコピーする","duration":0.5188339999999698,"failureMessages":[],"meta":{}},{"ancestorTitles":["DebugService","copyToClipboard()"],"fullName":"DebugService copyToClipboard() navigator.clipboardが失敗した場合はfalseを返す","status":"passed","title":"navigator.clipboardが失敗した場合はfalseを返す","duration":0.22441700000001674,"failureMessages":[],"meta":{}},{"ancestorTitles":["DebugService","copyToClipboard()"],"fullName":"DebugService copyToClipboard() navigator.clipboardが利用できない場合はフォールバックを使用する","status":"passed","title":"navigator.clipboardが利用できない場合はフォールバックを使用する","duration":0.47787500000004,"failureMessages":[],"meta":{}},{"ancestorTitles":["DebugService","copyToClipboard()"],"fullName":"DebugService copyToClipboard() フォールバックのexecCommandが失敗した場合","status":"passed","title":"フォールバックのexecCommandが失敗した場合","duration":0.2458340000000021,"failureMessages":[],"meta":{}},{"ancestorTitles":["DebugService","copyToClipboard()"],"fullName":"DebugService copyToClipboard() フォールバックで例外が発生した場合","status":"passed","title":"フォールバックで例外が発生した場合","duration":0.19566699999995762,"failureMessages":[],"meta":{}},{"ancestorTitles":["DebugService","copyToClipboard()"],"fullName":"DebugService copyToClipboard() navigator.clipboardでawait時に例外が発生した場合（74-78行目catchブロック）","status":"passed","title":"navigator.clipboardでawait時に例外が発生した場合（74-78行目catchブロック）","duration":0.18375000000003183,"failureMessages":[],"meta":{}},{"ancestorTitles":["DebugService","copyToClipboard()"],"fullName":"DebugService copyToClipboard() finallyブロックでparentNodeが存在しない場合（105-106行目分岐テスト）","status":"passed","title":"finallyブロックでparentNodeが存在しない場合（105-106行目分岐テスト）","duration":0.17799999999999727,"failureMessages":[],"meta":{}},{"ancestorTitles":["DebugService","リスナー機能"],"fullName":"DebugService リスナー機能 リスナーを追加・削除できる","status":"passed","title":"リスナーを追加・削除できる","duration":0.87987499999997,"failureMessages":[],"meta":{}},{"ancestorTitles":["DebugService","リスナー機能"],"fullName":"DebugService リスナー機能 clearでもリスナーが呼ばれる","status":"passed","title":"clearでもリスナーが呼ばれる","duration":0.17908299999999144,"failureMessages":[],"meta":{}},{"ancestorTitles":["DebugService","リスナー機能"],"fullName":"DebugService リスナー機能 存在しないリスナーを削除しても何も起こらない","status":"passed","title":"存在しないリスナーを削除しても何も起こらない","duration":0.14183300000001964,"failureMessages":[],"meta":{}},{"ancestorTitles":["DebugService","setMaxLogs()"],"fullName":"DebugService setMaxLogs() 最大ログ数を設定できる","status":"passed","title":"最大ログ数を設定できる","duration":0.17179199999998218,"failureMessages":[],"meta":{}},{"ancestorTitles":["DebugService","setMaxLogs()"],"fullName":"DebugService setMaxLogs() 既存のログが最大数を超えている場合は削除される","status":"passed","title":"既存のログが最大数を超えている場合は削除される","duration":0.17637500000000728,"failureMessages":[],"meta":{}},{"ancestorTitles":["DebugService","便利メソッド"],"fullName":"DebugService 便利メソッド info()メソッドが正常に動作する","status":"passed","title":"info()メソッドが正常に動作する","duration":0.13350000000002638,"failureMessages":[],"meta":{}},{"ancestorTitles":["DebugService","便利メソッド"],"fullName":"DebugService 便利メソッド success()メソッドが正常に動作する","status":"passed","title":"success()メソッドが正常に動作する","duration":0.12975000000000136,"failureMessages":[],"meta":{}},{"ancestorTitles":["DebugService","便利メソッド"],"fullName":"DebugService 便利メソッド warning()メソッドが正常に動作する","status":"passed","title":"warning()メソッドが正常に動作する","duration":0.1273329999999646,"failureMessages":[],"meta":{}},{"ancestorTitles":["DebugService","便利メソッド"],"fullName":"DebugService 便利メソッド error()メソッドが正常に動作する","status":"passed","title":"error()メソッドが正常に動作する","duration":0.12674999999995862,"failureMessages":[],"meta":{}},{"ancestorTitles":["DebugService","便利メソッド"],"fullName":"DebugService 便利メソッド debug()メソッドが正常に動作する","status":"passed","title":"debug()メソッドが正常に動作する","duration":0.12695799999994506,"failureMessages":[],"meta":{}},{"ancestorTitles":["DebugService","複合操作テスト"],"fullName":"DebugService 複合操作テスト 複数のログタイプを追加してエクスポートできる","status":"passed","title":"複数のログタイプを追加してエクスポートできる","duration":0.3669170000000008,"failureMessages":[],"meta":{}},{"ancestorTitles":["DebugService","複合操作テスト"],"fullName":"DebugService 複合操作テスト リスナーと最大ログ数制限が連携して動作する","status":"passed","title":"リスナーと最大ログ数制限が連携して動作する","duration":0.2318339999999921,"failureMessages":[],"meta":{}}],"startTime":1753695770308,"endTime":1753695770317.367,"status":"passed","message":"","name":"/Users/satoshi/src/yayoi-receipt-for-smart/src/services/__tests__/debug.service.test.ts"},{"assertionResults":[{"ancestorTitles":["EmailService","sendMail()"],"fullName":"EmailService sendMail() 写真が空の場合はエラーを返す","status":"passed","title":"写真が空の場合はエラーを返す","duration":1.6459169999999972,"failureMessages":[],"meta":{}},{"ancestorTitles":["EmailService","sendMail()"],"fullName":"EmailService sendMail() 写真がnullの場合はエラーを返す","status":"passed","title":"写真がnullの場合はエラーを返す","duration":0.17616700000002083,"failureMessages":[],"meta":{}},{"ancestorTitles":["EmailService","sendMail()"],"fullName":"EmailService sendMail() 送信先が設定されていない場合はエラーを返す","status":"passed","title":"送信先が設定されていない場合はエラーを返す","duration":0.1257919999999899,"failureMessages":[],"meta":{}},{"ancestorTitles":["EmailService","sendMail()"],"fullName":"EmailService sendMail() すべてのプリセットが無効な場合はエラーを返す","status":"passed","title":"すべてのプリセットが無効な場合はエラーを返す","duration":0.12270899999998619,"failureMessages":[],"meta":{}},{"ancestorTitles":["EmailService","sendMail()"],"fullName":"EmailService sendMail() 重複する宛先を排除して送信する","status":"passed","title":"重複する宛先を排除して送信する","duration":0.24220799999994824,"failureMessages":[],"meta":{}},{"ancestorTitles":["EmailService","sendMail()"],"fullName":"EmailService sendMail() 全ての送信が成功した場合","status":"passed","title":"全ての送信が成功した場合","duration":0.20045799999996916,"failureMessages":[],"meta":{}},{"ancestorTitles":["EmailService","sendMail()"],"fullName":"EmailService sendMail() 一部の送信が失敗した場合","status":"passed","title":"一部の送信が失敗した場合","duration":0.6890419999999722,"failureMessages":[],"meta":{}},{"ancestorTitles":["EmailService","sendMail()"],"fullName":"EmailService sendMail() 全ての送信が失敗した場合","status":"passed","title":"全ての送信が失敗した場合","duration":0.15083400000003166,"failureMessages":[],"meta":{}},{"ancestorTitles":["EmailService","sendMail()"],"fullName":"EmailService sendMail() 送信中に例外が発生した場合","status":"passed","title":"送信中に例外が発生した場合","duration":0.2067079999999919,"failureMessages":[],"meta":{}},{"ancestorTitles":["EmailService","sendMail()"],"fullName":"EmailService sendMail() RESEND APIエラーの詳細を正しく解析する","status":"passed","title":"RESEND APIエラーの詳細を正しく解析する","duration":0.12912499999998772,"failureMessages":[],"meta":{}},{"ancestorTitles":["EmailService","sendMail()"],"fullName":"EmailService sendMail() invalid_to_address エラーの詳細を正しく解析する","status":"passed","title":"invalid_to_address エラーの詳細を正しく解析する","duration":0.11758300000002464,"failureMessages":[],"meta":{}},{"ancestorTitles":["EmailService","sendMailToPreset()"],"fullName":"EmailService sendMailToPreset() プリセットが見つからない場合はエラーを返す","status":"passed","title":"プリセットが見つからない場合はエラーを返す","duration":0.2443749999999909,"failureMessages":[],"meta":{}},{"ancestorTitles":["EmailService","sendMailToPreset()"],"fullName":"EmailService sendMailToPreset() プリセットが無効な場合はエラーを返す","status":"passed","title":"プリセットが無効な場合はエラーを返す","duration":0.12579099999999244,"failureMessages":[],"meta":{}},{"ancestorTitles":["EmailService","sendMailToPreset()"],"fullName":"EmailService sendMailToPreset() APIキーが設定されていない場合は継続してエラーを記録する","status":"passed","title":"APIキーが設定されていない場合は継続してエラーを記録する","duration":0.16841599999997925,"failureMessages":[],"meta":{}},{"ancestorTitles":["EmailService","sendMailToPreset()"],"fullName":"EmailService sendMailToPreset() 正常に送信が完了した場合","status":"passed","title":"正常に送信が完了した場合","duration":0.1871250000000373,"failureMessages":[],"meta":{}},{"ancestorTitles":["EmailService","sendMailToPreset()"],"fullName":"EmailService sendMailToPreset() Dropboxプリセットでアドレス形式の警告を表示する","status":"passed","title":"Dropboxプリセットでアドレス形式の警告を表示する","duration":0.12829099999999016,"failureMessages":[],"meta":{}},{"ancestorTitles":["EmailService","sendMailToPreset()"],"fullName":"EmailService sendMailToPreset() Dropboxプリセットで正しいアドレス形式の場合は警告を表示しない","status":"passed","title":"Dropboxプリセットで正しいアドレス形式の場合は警告を表示しない","duration":0.12329199999999219,"failureMessages":[],"meta":{}},{"ancestorTitles":["EmailService","sendMailToPreset()"],"fullName":"EmailService sendMailToPreset() エラーメッセージが空の場合のデフォルト処理","status":"passed","title":"エラーメッセージが空の場合のデフォルト処理","duration":0.12120800000002419,"failureMessages":[],"meta":{}},{"ancestorTitles":["EmailService","sendMailToPreset()"],"fullName":"EmailService sendMailToPreset() エラーメッセージ配列が空の場合のデフォルトメッセージ追加","status":"passed","title":"エラーメッセージ配列が空の場合のデフォルトメッセージ追加","duration":0.1446669999999699,"failureMessages":[],"meta":{}},{"ancestorTitles":["EmailService","sendMailToPreset()"],"fullName":"EmailService sendMailToPreset() 送信中に例外が発生した場合","status":"passed","title":"送信中に例外が発生した場合","duration":0.1515410000000088,"failureMessages":[],"meta":{}},{"ancestorTitles":["EmailService","sendMailToPreset()"],"fullName":"EmailService sendMailToPreset() 予期しない例外が発生した場合","status":"passed","title":"予期しない例外が発生した場合","duration":0.239167000000009,"failureMessages":[],"meta":{}},{"ancestorTitles":["EmailService","sendMailToPreset()"],"fullName":"EmailService sendMailToPreset() 複数の宛先があるプリセットの処理","status":"passed","title":"複数の宛先があるプリセットの処理","duration":0.16225000000002865,"failureMessages":[],"meta":{}},{"ancestorTitles":["EmailService","sendMailToPreset()"],"fullName":"EmailService sendMailToPreset() RESEND APIエラー詳細の解析（validation_error）","status":"passed","title":"RESEND APIエラー詳細の解析（validation_error）","duration":0.12270799999998871,"failureMessages":[],"meta":{}},{"ancestorTitles":["EmailService","sendMailToPreset()"],"fullName":"EmailService sendMailToPreset() RESEND APIエラー詳細の解析（invalid_to_address）","status":"passed","title":"RESEND APIエラー詳細の解析（invalid_to_address）","duration":0.1137920000000463,"failureMessages":[],"meta":{}},{"ancestorTitles":["EmailService","sendMailToPreset()"],"fullName":"EmailService sendMailToPreset() RESEND APIエラー詳細の解析（その他のエラー）","status":"passed","title":"RESEND APIエラー詳細の解析（その他のエラー）","duration":0.11545800000004647,"failureMessages":[],"meta":{}},{"ancestorTitles":["EmailService","sendMailToPreset()"],"fullName":"EmailService sendMailToPreset() sendMail()でのRESEND APIエラー詳細解析（84-85行目カバー）","status":"passed","title":"sendMail()でのRESEND APIエラー詳細解析（84-85行目カバー）","duration":0.11870800000002646,"failureMessages":[],"meta":{}},{"ancestorTitles":["EmailService","DebugLoggerとErrorDisplayerの呼び出し"],"fullName":"EmailService DebugLoggerとErrorDisplayerの呼び出し 送信開始時に適切なログを出力する","status":"passed","title":"送信開始時に適切なログを出力する","duration":0.11245800000000372,"failureMessages":[],"meta":{}},{"ancestorTitles":["EmailService","DebugLoggerとErrorDisplayerの呼び出し"],"fullName":"EmailService DebugLoggerとErrorDisplayerの呼び出し 各送信先への送信開始時にログを出力する","status":"passed","title":"各送信先への送信開始時にログを出力する","duration":0.14070799999996098,"failureMessages":[],"meta":{}},{"ancestorTitles":["EmailService","100%カバレッジのためのエッジケーステスト","sendMailToPreset() - 空の受信者リストケース"],"fullName":"EmailService 100%カバレッジのためのエッジケーステスト sendMailToPreset() - 空の受信者リストケース 受信者リストが空の場合はsuccess: true, shouldRetake: falseを返す（112行目カバー）","status":"passed","title":"受信者リストが空の場合はsuccess: true, shouldRetake: falseを返す（112行目カバー）","duration":0.12295899999998028,"failureMessages":[],"meta":{}},{"ancestorTitles":["EmailService","100%カバレッジのためのエッジケーステスト","sendMail() - 空の受信者リストケース"],"fullName":"EmailService 100%カバレッジのためのエッジケーステスト sendMail() - 空の受信者リストケース すべてのプリセットの受信者リストが空の場合（49行目エラー）","status":"passed","title":"すべてのプリセットの受信者リストが空の場合（49行目エラー）","duration":0.12612500000000182,"failureMessages":[],"meta":{}},{"ancestorTitles":["EmailService","100%カバレッジのためのエッジケーステスト","sendMail() - 空の受信者リストケース"],"fullName":"EmailService 100%カバレッジのためのエッジケーステスト sendMail() - 空の受信者リストケース 送信処理でundefinedが返されるケース（failedとしてカウント）","status":"passed","title":"送信処理でundefinedが返されるケース（failedとしてカウント）","duration":0.24516599999998334,"failureMessages":[],"meta":{}},{"ancestorTitles":["EmailService","100%カバレッジのためのエッジケーステスト","sendMail() - 外側catch部分"],"fullName":"EmailService 100%カバレッジのためのエッジケーステスト sendMail() - 外側catch部分 結果表示処理で例外が発生した場合（114-119行目カバー）","status":"passed","title":"結果表示処理で例外が発生した場合（114-119行目カバー）","duration":0.21441700000002584,"failureMessages":[],"meta":{}}],"startTime":1753695770297,"endTime":1753695770304.245,"status":"passed","message":"","name":"/Users/satoshi/src/yayoi-receipt-for-smart/src/services/__tests__/email.service.test.ts"},{"assertionResults":[{"ancestorTitles":["SettingsService","getDefaultSettings()"],"fullName":"SettingsService getDefaultSettings() デフォルト設定を正しく返す","status":"passed","title":"デフォルト設定を正しく返す","duration":1.3072500000000105,"failureMessages":[],"meta":{}},{"ancestorTitles":["SettingsService","getDefaultSettings()"],"fullName":"SettingsService getDefaultSettings() デフォルト設定は毎回新しいオブジェクトを返す","status":"passed","title":"デフォルト設定は毎回新しいオブジェクトを返す","duration":0.33525000000003047,"failureMessages":[],"meta":{}},{"ancestorTitles":["SettingsService","load()"],"fullName":"SettingsService load() StorageServiceからデフォルト設定で設定を読み込む","status":"passed","title":"StorageServiceからデフォルト設定で設定を読み込む","duration":0.7775000000000318,"failureMessages":[],"meta":{}},{"ancestorTitles":["SettingsService","load()"],"fullName":"SettingsService load() APIキーが設定されている場合はemailSenderに設定する","status":"passed","title":"APIキーが設定されている場合はemailSenderに設定する","duration":0.08700000000004593,"failureMessages":[],"meta":{}},{"ancestorTitles":["SettingsService","load()"],"fullName":"SettingsService load() 送信元メールが設定されている場合はemailSenderに設定する","status":"passed","title":"送信元メールが設定されている場合はemailSenderに設定する","duration":0.07629200000002356,"failureMessages":[],"meta":{}},{"ancestorTitles":["SettingsService","load()"],"fullName":"SettingsService load() APIキーが空の場合はemailSenderに設定しない","status":"passed","title":"APIキーが空の場合はemailSenderに設定しない","duration":0.09250000000002956,"failureMessages":[],"meta":{}},{"ancestorTitles":["SettingsService","save()"],"fullName":"SettingsService save() 設定をStorageServiceに保存する","status":"passed","title":"設定をStorageServiceに保存する","duration":0.16141699999997172,"failureMessages":[],"meta":{}},{"ancestorTitles":["SettingsService","save()"],"fullName":"SettingsService save() APIキーが設定されている場合はemailSenderに設定する","status":"passed","title":"APIキーが設定されている場合はemailSenderに設定する","duration":0.0685839999999871,"failureMessages":[],"meta":{}},{"ancestorTitles":["SettingsService","save()"],"fullName":"SettingsService save() 送信元メールが設定されている場合はemailSenderに設定する","status":"passed","title":"送信元メールが設定されている場合はemailSenderに設定する","duration":0.06649999999996226,"failureMessages":[],"meta":{}},{"ancestorTitles":["SettingsService","save()"],"fullName":"SettingsService save() 保存に失敗した場合はfalseを返す","status":"passed","title":"保存に失敗した場合はfalseを返す","duration":0.09454199999998991,"failureMessages":[],"meta":{}},{"ancestorTitles":["SettingsService","isComplete()"],"fullName":"SettingsService isComplete() emailとapiKeyが設定されている場合はtrueを返す","status":"passed","title":"emailとapiKeyが設定されている場合はtrueを返す","duration":0.05854099999999107,"failureMessages":[],"meta":{}},{"ancestorTitles":["SettingsService","isComplete()"],"fullName":"SettingsService isComplete() emailが空の場合はfalseを返す","status":"passed","title":"emailが空の場合はfalseを返す","duration":0.04574999999999818,"failureMessages":[],"meta":{}},{"ancestorTitles":["SettingsService","isComplete()"],"fullName":"SettingsService isComplete() apiKeyが空の場合はfalseを返す","status":"passed","title":"apiKeyが空の場合はfalseを返す","duration":0.05237499999998363,"failureMessages":[],"meta":{}},{"ancestorTitles":["SettingsService","isComplete()"],"fullName":"SettingsService isComplete() emailが空白のみの場合はfalseを返す","status":"passed","title":"emailが空白のみの場合はfalseを返す","duration":0.04262499999998681,"failureMessages":[],"meta":{}},{"ancestorTitles":["SettingsService","isComplete()"],"fullName":"SettingsService isComplete() apiKeyが空白のみの場合はfalseを返す","status":"passed","title":"apiKeyが空白のみの場合はfalseを返す","duration":0.04095799999998917,"failureMessages":[],"meta":{}},{"ancestorTitles":["SettingsService","syncPresetsWithEmails()"],"fullName":"SettingsService syncPresetsWithEmails() プリセットが空の場合は新規生成する（メインアドレスのみ）","status":"passed","title":"プリセットが空の場合は新規生成する（メインアドレスのみ）","duration":0.30254100000001927,"failureMessages":[],"meta":{}},{"ancestorTitles":["SettingsService","syncPresetsWithEmails()"],"fullName":"SettingsService syncPresetsWithEmails() プリセットが空の場合は新規生成する（メイン+Dropbox）","status":"passed","title":"プリセットが空の場合は新規生成する（メイン+Dropbox）","duration":0.15312499999998863,"failureMessages":[],"meta":{}},{"ancestorTitles":["SettingsService","syncPresetsWithEmails()"],"fullName":"SettingsService syncPresetsWithEmails() プリセットが空の場合でメールアドレスが両方空の場合はプリセットを作らない","status":"passed","title":"プリセットが空の場合でメールアドレスが両方空の場合はプリセットを作らない","duration":0.08233400000000302,"failureMessages":[],"meta":{}},{"ancestorTitles":["SettingsService","syncPresetsWithEmails()"],"fullName":"SettingsService syncPresetsWithEmails() 既存プリセットがある場合は更新処理を呼ぶ","status":"passed","title":"既存プリセットがある場合は更新処理を呼ぶ","duration":0.13375000000002046,"failureMessages":[],"meta":{}},{"ancestorTitles":["SettingsService","updatePresetsWithCurrentEmails()"],"fullName":"SettingsService updatePresetsWithCurrentEmails() プリセットが空の場合は何もしない","status":"passed","title":"プリセットが空の場合は何もしない","duration":0.07608399999998028,"failureMessages":[],"meta":{}},{"ancestorTitles":["SettingsService","updatePresetsWithCurrentEmails()"],"fullName":"SettingsService updatePresetsWithCurrentEmails() Dropboxメールが設定されている場合はDropboxプリセットを追加する","status":"passed","title":"Dropboxメールが設定されている場合はDropboxプリセットを追加する","duration":0.07083299999999326,"failureMessages":[],"meta":{}},{"ancestorTitles":["SettingsService","updatePresetsWithCurrentEmails()"],"fullName":"SettingsService updatePresetsWithCurrentEmails() 既存のDropboxプリセットが無効な場合は有効化する","status":"passed","title":"既存のDropboxプリセットが無効な場合は有効化する","duration":0.07458300000001827,"failureMessages":[],"meta":{}},{"ancestorTitles":["SettingsService","updatePresetsWithCurrentEmails()"],"fullName":"SettingsService updatePresetsWithCurrentEmails() メインプリセットのメールアドレスを更新する","status":"passed","title":"メインプリセットのメールアドレスを更新する","duration":0.056874999999990905,"failureMessages":[],"meta":{}},{"ancestorTitles":["SettingsService","updatePresetsWithCurrentEmails()"],"fullName":"SettingsService updatePresetsWithCurrentEmails() メインプリセットが存在しない場合は更新しない","status":"passed","title":"メインプリセットが存在しない場合は更新しない","duration":0.06395800000001373,"failureMessages":[],"meta":{}},{"ancestorTitles":["SettingsService","updateAllPreset()"],"fullName":"SettingsService updateAllPreset() 複数の宛先がある場合は「すべてに送信」プリセットを追加する","status":"passed","title":"複数の宛先がある場合は「すべてに送信」プリセットを追加する","duration":0.06666699999999537,"failureMessages":[],"meta":{}},{"ancestorTitles":["SettingsService","updateAllPreset()"],"fullName":"SettingsService updateAllPreset() 既存の「すべてに送信」プリセットを更新する","status":"passed","title":"既存の「すべてに送信」プリセットを更新する","duration":0.07037499999995589,"failureMessages":[],"meta":{}},{"ancestorTitles":["SettingsService","updateAllPreset()"],"fullName":"SettingsService updateAllPreset() 宛先が1つ以下の場合は「すべてに送信」プリセットを無効化する","status":"passed","title":"宛先が1つ以下の場合は「すべてに送信」プリセットを無効化する","duration":0.05041599999998425,"failureMessages":[],"meta":{}},{"ancestorTitles":["SettingsService","updateAllPreset()"],"fullName":"SettingsService updateAllPreset() 空のメールアドレスをフィルタリングする","status":"passed","title":"空のメールアドレスをフィルタリングする","duration":0.04470799999995734,"failureMessages":[],"meta":{}},{"ancestorTitles":["SettingsService","updatePresetsFromTempSettings()"],"fullName":"SettingsService updatePresetsFromTempSettings() メインプリセットを作成・更新する","status":"passed","title":"メインプリセットを作成・更新する","duration":0.10191700000001447,"failureMessages":[],"meta":{}},{"ancestorTitles":["SettingsService","updatePresetsFromTempSettings()"],"fullName":"SettingsService updatePresetsFromTempSettings() メインプリセットが既に存在する場合は更新する","status":"passed","title":"メインプリセットが既に存在する場合は更新する","duration":0.06262499999996862,"failureMessages":[],"meta":{}},{"ancestorTitles":["SettingsService","updatePresetsFromTempSettings()"],"fullName":"SettingsService updatePresetsFromTempSettings() メインメールが空の場合はプリセットを無効化する","status":"passed","title":"メインメールが空の場合はプリセットを無効化する","duration":0.07091700000000856,"failureMessages":[],"meta":{}},{"ancestorTitles":["SettingsService","updatePresetsFromTempSettings()"],"fullName":"SettingsService updatePresetsFromTempSettings() Dropboxプリセットを作成・更新する","status":"passed","title":"Dropboxプリセットを作成・更新する","duration":0.06799999999998363,"failureMessages":[],"meta":{}},{"ancestorTitles":["SettingsService","updatePresetsFromTempSettings()"],"fullName":"SettingsService updatePresetsFromTempSettings() Dropboxメールが空の場合は既存プリセットを無効化する","status":"passed","title":"Dropboxメールが空の場合は既存プリセットを無効化する","duration":0.0730829999999969,"failureMessages":[],"meta":{}},{"ancestorTitles":["SettingsService","updatePresetsFromTempSettings()"],"fullName":"SettingsService updatePresetsFromTempSettings() 「すべてに送信」プリセットを更新する","status":"passed","title":"「すべてに送信」プリセットを更新する","duration":0.06370899999996027,"failureMessages":[],"meta":{}},{"ancestorTitles":["SettingsService","複合操作テスト"],"fullName":"SettingsService 複合操作テスト load → save の一連の処理が正常に動作する","status":"passed","title":"load → save の一連の処理が正常に動作する","duration":0.11245800000000372,"failureMessages":[],"meta":{}},{"ancestorTitles":["SettingsService","複合操作テスト"],"fullName":"SettingsService 複合操作テスト 設定完了チェックが正常に動作する","status":"passed","title":"設定完了チェックが正常に動作する","duration":0.06387499999999591,"failureMessages":[],"meta":{}},{"ancestorTitles":["SettingsService","複合操作テスト"],"fullName":"SettingsService 複合操作テスト dropboxPresetがisActive=falseの場合の修正処理（160行目分岐テスト）","status":"passed","title":"dropboxPresetがisActive=falseの場合の修正処理（160行目分岐テスト）","duration":0.07720799999998462,"failureMessages":[],"meta":{}},{"ancestorTitles":["SettingsService","複合操作テスト"],"fullName":"SettingsService 複合操作テスト dropboxPresetのrecipientsが空の場合の修正処理（160行目分岐テスト）","status":"passed","title":"dropboxPresetのrecipientsが空の場合の修正処理（160行目分岐テスト）","duration":0.07562500000000227,"failureMessages":[],"meta":{}}],"startTime":1753695770318,"endTime":1753695770324.1125,"status":"passed","message":"","name":"/Users/satoshi/src/yayoi-receipt-for-smart/src/services/__tests__/settings.service.test.ts"},{"assertionResults":[{"ancestorTitles":["StorageService","set()"],"fullName":"StorageService set() 正常に値を保存できる","status":"passed","title":"正常に値を保存できる","duration":1.5010829999999942,"failureMessages":[],"meta":{}},{"ancestorTitles":["StorageService","set()"],"fullName":"StorageService set() 文字列データを保存できる","status":"passed","title":"文字列データを保存できる","duration":0.12879200000003266,"failureMessages":[],"meta":{}},{"ancestorTitles":["StorageService","set()"],"fullName":"StorageService set() 数値データを保存できる","status":"passed","title":"数値データを保存できる","duration":0.08183400000001484,"failureMessages":[],"meta":{}},{"ancestorTitles":["StorageService","set()"],"fullName":"StorageService set() JSON.stringify失敗時はfalseを返す","status":"passed","title":"JSON.stringify失敗時はfalseを返す","duration":0.07479200000000219,"failureMessages":[],"meta":{}},{"ancestorTitles":["StorageService","set()"],"fullName":"StorageService set() localStorage.setItem失敗時はfalseを返す","status":"passed","title":"localStorage.setItem失敗時はfalseを返す","duration":0.071124999999995,"failureMessages":[],"meta":{}},{"ancestorTitles":["StorageService","get()"],"fullName":"StorageService get() 存在するキーの値を正常に取得できる","status":"passed","title":"存在するキーの値を正常に取得できる","duration":0.18166700000000446,"failureMessages":[],"meta":{}},{"ancestorTitles":["StorageService","get()"],"fullName":"StorageService get() 存在しないキーの場合はデフォルト値を返す","status":"passed","title":"存在しないキーの場合はデフォルト値を返す","duration":0.06545799999997826,"failureMessages":[],"meta":{}},{"ancestorTitles":["StorageService","get()"],"fullName":"StorageService get() 文字列のデフォルト値を正常に処理する","status":"passed","title":"文字列のデフォルト値を正常に処理する","duration":0.05145900000002257,"failureMessages":[],"meta":{}},{"ancestorTitles":["StorageService","get()"],"fullName":"StorageService get() 数値のデフォルト値を正常に処理する","status":"passed","title":"数値のデフォルト値を正常に処理する","duration":0.05620800000002646,"failureMessages":[],"meta":{}},{"ancestorTitles":["StorageService","get()"],"fullName":"StorageService get() JSON.parse失敗時はデフォルト値を返す","status":"passed","title":"JSON.parse失敗時はデフォルト値を返す","duration":0.06683299999997416,"failureMessages":[],"meta":{}},{"ancestorTitles":["StorageService","get()"],"fullName":"StorageService get() localStorage.getItem失敗時はデフォルト値を返す","status":"passed","title":"localStorage.getItem失敗時はデフォルト値を返す","duration":0.06187499999998636,"failureMessages":[],"meta":{}},{"ancestorTitles":["StorageService","remove()"],"fullName":"StorageService remove() 正常にキーを削除できる","status":"passed","title":"正常にキーを削除できる","duration":0.08074999999996635,"failureMessages":[],"meta":{}},{"ancestorTitles":["StorageService","remove()"],"fullName":"StorageService remove() localStorage.removeItem失敗時はfalseを返す","status":"passed","title":"localStorage.removeItem失敗時はfalseを返す","duration":0.05820800000003601,"failureMessages":[],"meta":{}},{"ancestorTitles":["StorageService","has()"],"fullName":"StorageService has() 存在するキーに対してtrueを返す","status":"passed","title":"存在するキーに対してtrueを返す","duration":0.07683399999996254,"failureMessages":[],"meta":{}},{"ancestorTitles":["StorageService","has()"],"fullName":"StorageService has() 存在しないキーに対してfalseを返す","status":"passed","title":"存在しないキーに対してfalseを返す","duration":0.08920799999998508,"failureMessages":[],"meta":{}},{"ancestorTitles":["StorageService","has()"],"fullName":"StorageService has() localStorage.getItem失敗時はfalseを返す","status":"passed","title":"localStorage.getItem失敗時はfalseを返す","duration":0.05500000000000682,"failureMessages":[],"meta":{}},{"ancestorTitles":["StorageService","clear()"],"fullName":"StorageService clear() 正常にlocalStorageをクリアできる","status":"passed","title":"正常にlocalStorageをクリアできる","duration":0.09449999999998226,"failureMessages":[],"meta":{}},{"ancestorTitles":["StorageService","clear()"],"fullName":"StorageService clear() localStorage.clear失敗時はfalseを返す","status":"passed","title":"localStorage.clear失敗時はfalseを返す","duration":0.0523340000000303,"failureMessages":[],"meta":{}},{"ancestorTitles":["StorageService","getAvailableSpace()"],"fullName":"StorageService getAvailableSpace() navigator.storage.estimateが利用可能な場合は容量を返す","status":"passed","title":"navigator.storage.estimateが利用可能な場合は容量を返す","duration":0.10704199999997854,"failureMessages":[],"meta":{}},{"ancestorTitles":["StorageService","getAvailableSpace()"],"fullName":"StorageService getAvailableSpace() quotaが未定義の場合は使用量のマイナス値を返す","status":"passed","title":"quotaが未定義の場合は使用量のマイナス値を返す","duration":0.05312500000002274,"failureMessages":[],"meta":{}},{"ancestorTitles":["StorageService","getAvailableSpace()"],"fullName":"StorageService getAvailableSpace() usageが未定義の場合はquota値を返す","status":"passed","title":"usageが未定義の場合はquota値を返す","duration":0.04895800000002737,"failureMessages":[],"meta":{}},{"ancestorTitles":["StorageService","getAvailableSpace()"],"fullName":"StorageService getAvailableSpace() 両方とも未定義の場合は0を返す","status":"passed","title":"両方とも未定義の場合は0を返す","duration":0.051375000000007276,"failureMessages":[],"meta":{}},{"ancestorTitles":["StorageService","getAvailableSpace()"],"fullName":"StorageService getAvailableSpace() navigator.storage.estimate失敗時は-1を返す","status":"passed","title":"navigator.storage.estimate失敗時は-1を返す","duration":0.0936659999999847,"failureMessages":[],"meta":{}},{"ancestorTitles":["StorageService","getAvailableSpace()"],"fullName":"StorageService getAvailableSpace() navigator.storageが利用不可の場合は-1を返す","status":"passed","title":"navigator.storageが利用不可の場合は-1を返す","duration":0.05299999999999727,"failureMessages":[],"meta":{}},{"ancestorTitles":["StorageService","getAvailableSpace()"],"fullName":"StorageService getAvailableSpace() navigator自体が存在しない場合は-1を返す","status":"passed","title":"navigator自体が存在しない場合は-1を返す","duration":0.055499999999995,"failureMessages":[],"meta":{}},{"ancestorTitles":["StorageService","複合操作テスト"],"fullName":"StorageService 複合操作テスト set → get → remove の一連の操作が正常に動作する","status":"passed","title":"set → get → remove の一連の操作が正常に動作する","duration":0.12920900000000302,"failureMessages":[],"meta":{}}],"startTime":1753695770304,"endTime":1753695770307.1292,"status":"passed","message":"","name":"/Users/satoshi/src/yayoi-receipt-for-smart/src/services/__tests__/storage.service.test.ts"},{"assertionResults":[{"ancestorTitles":["error utils","isError()"],"fullName":"error utils isError() Error オブジェクトに対してtrueを返す","status":"passed","title":"Error オブジェクトに対してtrueを返す","duration":0.6436249999999859,"failureMessages":[],"meta":{}},{"ancestorTitles":["error utils","isError()"],"fullName":"error utils isError() Error のサブクラスに対してtrueを返す","status":"passed","title":"Error のサブクラスに対してtrueを返す","duration":0.08929200000000037,"failureMessages":[],"meta":{}},{"ancestorTitles":["error utils","isError()"],"fullName":"error utils isError() 文字列に対してfalseを返す","status":"passed","title":"文字列に対してfalseを返す","duration":0.04466700000000401,"failureMessages":[],"meta":{}},{"ancestorTitles":["error utils","isError()"],"fullName":"error utils isError() nullに対してfalseを返す","status":"passed","title":"nullに対してfalseを返す","duration":0.040625000000034106,"failureMessages":[],"meta":{}},{"ancestorTitles":["error utils","isError()"],"fullName":"error utils isError() undefinedに対してfalseを返す","status":"passed","title":"undefinedに対してfalseを返す","duration":0.03579199999995808,"failureMessages":[],"meta":{}},{"ancestorTitles":["error utils","isError()"],"fullName":"error utils isError() 数値に対してfalseを返す","status":"passed","title":"数値に対してfalseを返す","duration":0.03512500000005048,"failureMessages":[],"meta":{}},{"ancestorTitles":["error utils","isError()"],"fullName":"error utils isError() オブジェクトに対してfalseを返す","status":"passed","title":"オブジェクトに対してfalseを返す","duration":0.047541999999964446,"failureMessages":[],"meta":{}},{"ancestorTitles":["error utils","getErrorMessage()","Error オブジェクトの場合"],"fullName":"error utils getErrorMessage() Error オブジェクトの場合 Error オブジェクトのメッセージを返す","status":"passed","title":"Error オブジェクトのメッセージを返す","duration":0.06529199999999946,"failureMessages":[],"meta":{}},{"ancestorTitles":["error utils","getErrorMessage()","Error オブジェクトの場合"],"fullName":"error utils getErrorMessage() Error オブジェクトの場合 Error オブジェクトのメッセージが空の場合はデフォルトメッセージを返す","status":"passed","title":"Error オブジェクトのメッセージが空の場合はデフォルトメッセージを返す","duration":0.04304100000001654,"failureMessages":[],"meta":{}},{"ancestorTitles":["error utils","getErrorMessage()","Error オブジェクトの場合"],"fullName":"error utils getErrorMessage() Error オブジェクトの場合 Error オブジェクトのメッセージがundefinedの場合はデフォルトメッセージを返す","status":"passed","title":"Error オブジェクトのメッセージがundefinedの場合はデフォルトメッセージを返す","duration":0.04400000000003956,"failureMessages":[],"meta":{}},{"ancestorTitles":["error utils","getErrorMessage()","Error オブジェクトの場合"],"fullName":"error utils getErrorMessage() Error オブジェクトの場合 TypeError のメッセージを正しく返す","status":"passed","title":"TypeError のメッセージを正しく返す","duration":0.04812499999997044,"failureMessages":[],"meta":{}},{"ancestorTitles":["error utils","getErrorMessage()","文字列の場合"],"fullName":"error utils getErrorMessage() 文字列の場合 文字列をそのまま返す","status":"passed","title":"文字列をそのまま返す","duration":0.03849999999999909,"failureMessages":[],"meta":{}},{"ancestorTitles":["error utils","getErrorMessage()","文字列の場合"],"fullName":"error utils getErrorMessage() 文字列の場合 空文字列の場合はデフォルトメッセージを返す","status":"passed","title":"空文字列の場合はデフォルトメッセージを返す","duration":0.03533400000003439,"failureMessages":[],"meta":{}},{"ancestorTitles":["error utils","getErrorMessage()","文字列の場合"],"fullName":"error utils getErrorMessage() 文字列の場合 空白のみの文字列の場合はそのまま返す","status":"passed","title":"空白のみの文字列の場合はそのまま返す","duration":0.033625000000029104,"failureMessages":[],"meta":{}},{"ancestorTitles":["error utils","getErrorMessage()","messageプロパティを持つオブジェクトの場合"],"fullName":"error utils getErrorMessage() messageプロパティを持つオブジェクトの場合 オブジェクトのmessageプロパティを返す","status":"passed","title":"オブジェクトのmessageプロパティを返す","duration":0.04008300000003828,"failureMessages":[],"meta":{}},{"ancestorTitles":["error utils","getErrorMessage()","messageプロパティを持つオブジェクトの場合"],"fullName":"error utils getErrorMessage() messageプロパティを持つオブジェクトの場合 messageが空文字列の場合はデフォルトメッセージを返す","status":"passed","title":"messageが空文字列の場合はデフォルトメッセージを返す","duration":0.03670799999997598,"failureMessages":[],"meta":{}},{"ancestorTitles":["error utils","getErrorMessage()","messageプロパティを持つオブジェクトの場合"],"fullName":"error utils getErrorMessage() messageプロパティを持つオブジェクトの場合 messageがnullの場合はデフォルトメッセージを返す","status":"passed","title":"messageがnullの場合はデフォルトメッセージを返す","duration":0.03662500000001501,"failureMessages":[],"meta":{}},{"ancestorTitles":["error utils","getErrorMessage()","messageプロパティを持つオブジェクトの場合"],"fullName":"error utils getErrorMessage() messageプロパティを持つオブジェクトの場合 messageがundefinedの場合はデフォルトメッセージを返す","status":"passed","title":"messageがundefinedの場合はデフォルトメッセージを返す","duration":0.037916999999993095,"failureMessages":[],"meta":{}},{"ancestorTitles":["error utils","getErrorMessage()","messageプロパティを持つオブジェクトの場合"],"fullName":"error utils getErrorMessage() messageプロパティを持つオブジェクトの場合 messageが文字列でない場合はデフォルトメッセージを返す","status":"passed","title":"messageが文字列でない場合はデフォルトメッセージを返す","duration":0.03712500000000318,"failureMessages":[],"meta":{}},{"ancestorTitles":["error utils","getErrorMessage()","messageプロパティを持つオブジェクトの場合"],"fullName":"error utils getErrorMessage() messageプロパティを持つオブジェクトの場合 複雑なオブジェクトのmessageプロパティを返す","status":"passed","title":"複雑なオブジェクトのmessageプロパティを返す","duration":0.04008300000003828,"failureMessages":[],"meta":{}},{"ancestorTitles":["error utils","getErrorMessage()","その他の値の場合"],"fullName":"error utils getErrorMessage() その他の値の場合 nullの場合はデフォルトメッセージを返す","status":"passed","title":"nullの場合はデフォルトメッセージを返す","duration":0.0983749999999759,"failureMessages":[],"meta":{}},{"ancestorTitles":["error utils","getErrorMessage()","その他の値の場合"],"fullName":"error utils getErrorMessage() その他の値の場合 undefinedの場合はデフォルトメッセージを返す","status":"passed","title":"undefinedの場合はデフォルトメッセージを返す","duration":0.040582999999969616,"failureMessages":[],"meta":{}},{"ancestorTitles":["error utils","getErrorMessage()","その他の値の場合"],"fullName":"error utils getErrorMessage() その他の値の場合 数値の場合はデフォルトメッセージを返す","status":"passed","title":"数値の場合はデフォルトメッセージを返す","duration":0.03500000000002501,"failureMessages":[],"meta":{}},{"ancestorTitles":["error utils","getErrorMessage()","その他の値の場合"],"fullName":"error utils getErrorMessage() その他の値の場合 booleanの場合はデフォルトメッセージを返す","status":"passed","title":"booleanの場合はデフォルトメッセージを返す","duration":0.044375000000002274,"failureMessages":[],"meta":{}},{"ancestorTitles":["error utils","getErrorMessage()","その他の値の場合"],"fullName":"error utils getErrorMessage() その他の値の場合 配列の場合はデフォルトメッセージを返す","status":"passed","title":"配列の場合はデフォルトメッセージを返す","duration":0.04595900000003894,"failureMessages":[],"meta":{}},{"ancestorTitles":["error utils","getErrorMessage()","その他の値の場合"],"fullName":"error utils getErrorMessage() その他の値の場合 関数の場合はデフォルトメッセージを返す","status":"passed","title":"関数の場合はデフォルトメッセージを返す","duration":0.03308299999997644,"failureMessages":[],"meta":{}},{"ancestorTitles":["error utils","getErrorMessage()","その他の値の場合"],"fullName":"error utils getErrorMessage() その他の値の場合 messageプロパティを持たないオブジェクトの場合はデフォルトメッセージを返す","status":"passed","title":"messageプロパティを持たないオブジェクトの場合はデフォルトメッセージを返す","duration":0.04662500000000591,"failureMessages":[],"meta":{}},{"ancestorTitles":["error utils","getErrorMessage()","その他の値の場合"],"fullName":"error utils getErrorMessage() その他の値の場合 Symbolの場合はデフォルトメッセージを返す","status":"passed","title":"Symbolの場合はデフォルトメッセージを返す","duration":0.03370799999999008,"failureMessages":[],"meta":{}},{"ancestorTitles":["error utils","getErrorMessage()","エッジケース"],"fullName":"error utils getErrorMessage() エッジケース Errorライクオブジェクトでmessageがgetter関数の場合","status":"passed","title":"Errorライクオブジェクトでmessageがgetter関数の場合","duration":0.04558399999996254,"failureMessages":[],"meta":{}},{"ancestorTitles":["error utils","getErrorMessage()","エッジケース"],"fullName":"error utils getErrorMessage() エッジケース 循環参照を持つオブジェクトの場合","status":"passed","title":"循環参照を持つオブジェクトの場合","duration":0.039083000000005086,"failureMessages":[],"meta":{}},{"ancestorTitles":["error utils","getErrorMessage()","エッジケース"],"fullName":"error utils getErrorMessage() エッジケース プロトタイプチェーンのmessageプロパティの場合","status":"passed","title":"プロトタイプチェーンのmessageプロパティの場合","duration":0.037750000000016826,"failureMessages":[],"meta":{}},{"ancestorTitles":["error utils","getErrorMessage()","エッジケース"],"fullName":"error utils getErrorMessage() エッジケース frozen オブジェクトの場合","status":"passed","title":"frozen オブジェクトの場合","duration":0.03662499999995816,"failureMessages":[],"meta":{}}],"startTime":1753695770300,"endTime":1753695770302.0984,"status":"passed","message":"","name":"/Users/satoshi/src/yayoi-receipt-for-smart/src/utils/__tests__/error.test.ts"},{"assertionResults":[{"ancestorTitles":["EmailSender","初期化とAPIキー設定"],"fullName":"EmailSender 初期化とAPIキー設定 初期状態ではAPIキーが設定されていない","status":"passed","title":"初期状態ではAPIキーが設定されていない","duration":1.6025830000000383,"failureMessages":[],"meta":{}},{"ancestorTitles":["EmailSender","初期化とAPIキー設定"],"fullName":"EmailSender 初期化とAPIキー設定 setApiKeyでAPIキーを設定できる","status":"passed","title":"setApiKeyでAPIキーを設定できる","duration":0.10729199999997263,"failureMessages":[],"meta":{}},{"ancestorTitles":["EmailSender","send()メソッド"],"fullName":"EmailSender send()メソッド APIキーが設定されていない場合はエラーを返す","status":"passed","title":"APIキーが設定されていない場合はエラーを返す","duration":0.13054200000004812,"failureMessages":[],"meta":{}},{"ancestorTitles":["EmailSender","send()メソッド"],"fullName":"EmailSender send()メソッド HTMLメールを正常に送信できる","status":"passed","title":"HTMLメールを正常に送信できる","duration":1.6211669999999572,"failureMessages":[],"meta":{}},{"ancestorTitles":["EmailSender","send()メソッド"],"fullName":"EmailSender send()メソッド テキストメールを正常に送信できる","status":"passed","title":"テキストメールを正常に送信できる","duration":0.25283300000000963,"failureMessages":[],"meta":{}},{"ancestorTitles":["EmailSender","send()メソッド"],"fullName":"EmailSender send()メソッド 複数の受信者に送信できる","status":"passed","title":"複数の受信者に送信できる","duration":0.14004200000005085,"failureMessages":[],"meta":{}},{"ancestorTitles":["EmailSender","send()メソッド"],"fullName":"EmailSender send()メソッド HTMLもテキストも指定されていない場合でも送信できる","status":"passed","title":"HTMLもテキストも指定されていない場合でも送信できる","duration":0.12616700000000947,"failureMessages":[],"meta":{}},{"ancestorTitles":["EmailSender","send()メソッド"],"fullName":"EmailSender send()メソッド 添付ファイル付きメールを送信できる","status":"passed","title":"添付ファイル付きメールを送信できる","duration":0.19258400000001075,"failureMessages":[],"meta":{}},{"ancestorTitles":["EmailSender","send()メソッド"],"fullName":"EmailSender send()メソッド APIエラーレスポンスを適切に処理する","status":"passed","title":"APIエラーレスポンスを適切に処理する","duration":0.1323749999999677,"failureMessages":[],"meta":{}},{"ancestorTitles":["EmailSender","send()メソッド"],"fullName":"EmailSender send()メソッド エラーメッセージがない場合のデフォルトメッセージ","status":"passed","title":"エラーメッセージがない場合のデフォルトメッセージ","duration":0.07891699999998991,"failureMessages":[],"meta":{}},{"ancestorTitles":["EmailSender","send()メソッド"],"fullName":"EmailSender send()メソッド 例外をキャッチしてエラーを返す","status":"passed","title":"例外をキャッチしてエラーを返す","duration":0.1628329999999778,"failureMessages":[],"meta":{}},{"ancestorTitles":["EmailSender","send()メソッド"],"fullName":"EmailSender send()メソッド エラーメッセージがない例外の場合","status":"passed","title":"エラーメッセージがない例外の場合","duration":0.12825000000003683,"failureMessages":[],"meta":{}},{"ancestorTitles":["EmailSender","エッジケース"],"fullName":"EmailSender エッジケース 空文字列の受信者でも配列に変換される","status":"passed","title":"空文字列の受信者でも配列に変換される","duration":0.115791999999999,"failureMessages":[],"meta":{}},{"ancestorTitles":["EmailSender","エンドポイントURL正規化"],"fullName":"EmailSender エンドポイントURL正規化 プロキシURLが/apiで終わる場合は/send-emailを追加","status":"passed","title":"プロキシURLが/apiで終わる場合は/send-emailを追加","duration":0.1705000000000041,"failureMessages":[],"meta":{}},{"ancestorTitles":["EmailSender","エンドポイントURL正規化"],"fullName":"EmailSender エンドポイントURL正規化 プロキシURLが/apiで終わらない場合は/api/send-emailを追加","status":"passed","title":"プロキシURLが/apiで終わらない場合は/api/send-emailを追加","duration":0.09025000000002592,"failureMessages":[],"meta":{}},{"ancestorTitles":["EmailSender","fetchエラー詳細処理"],"fullName":"EmailSender fetchエラー詳細処理 fetchエラーメッセージに\"fetch\"が含まれる場合（118-123行目カバー）","status":"passed","title":"fetchエラーメッセージに\"fetch\"が含まれる場合（118-123行目カバー）","duration":0.5363750000000209,"failureMessages":[],"meta":{}},{"ancestorTitles":["EmailSender","fetchエラー詳細処理"],"fullName":"EmailSender fetchエラー詳細処理 fetchを含まないエラーの場合は通常のエラーメッセージを返す","status":"passed","title":"fetchを含まないエラーの場合は通常のエラーメッセージを返す","duration":0.2944159999999556,"failureMessages":[],"meta":{}},{"ancestorTitles":["EmailSender","fetchエラー詳細処理"],"fullName":"EmailSender fetchエラー詳細処理 大文字小文字混在でfetchが含まれる場合の処理","status":"passed","title":"大文字小文字混在でfetchが含まれる場合の処理","duration":0.36850000000004,"failureMessages":[],"meta":{}},{"ancestorTitles":["EmailSender","sendReceipt()メソッド"],"fullName":"EmailSender sendReceipt()メソッド レシート画像を正常に送信できる","status":"passed","title":"レシート画像を正常に送信できる","duration":12.966499999999996,"failureMessages":[],"meta":{}},{"ancestorTitles":["EmailSender","sendReceipt()メソッド"],"fullName":"EmailSender sendReceipt()メソッド HTMLメール内容が正しく生成される","status":"passed","title":"HTMLメール内容が正しく生成される","duration":0.45079200000009223,"failureMessages":[],"meta":{}},{"ancestorTitles":["EmailSender","sendReceipt()メソッド"],"fullName":"EmailSender sendReceipt()メソッド テキストメール内容が正しく生成される","status":"passed","title":"テキストメール内容が正しく生成される","duration":0.24854200000004312,"failureMessages":[],"meta":{}},{"ancestorTitles":["EmailSender","sendReceipt()メソッド"],"fullName":"EmailSender sendReceipt()メソッド コメント付きでレシート画像を送信できる","status":"passed","title":"コメント付きでレシート画像を送信できる","duration":0.2228340000000344,"failureMessages":[],"meta":{}},{"ancestorTitles":["EmailSender","sendReceipt()メソッド"],"fullName":"EmailSender sendReceipt()メソッド 添付ファイルが正しく設定される","status":"passed","title":"添付ファイルが正しく設定される","duration":0.4664579999999887,"failureMessages":[],"meta":{}},{"ancestorTitles":["EmailSender","sendReceipt()メソッド"],"fullName":"EmailSender sendReceipt()メソッド Base64データからヘッダーを正しく除去する","status":"passed","title":"Base64データからヘッダーを正しく除去する","duration":0.236458999999968,"failureMessages":[],"meta":{}},{"ancestorTitles":["EmailSender","sendReceipt()メソッド"],"fullName":"EmailSender sendReceipt()メソッド 送信元メールアドレスが設定される","status":"passed","title":"送信元メールアドレスが設定される","duration":0.20687499999996817,"failureMessages":[],"meta":{}},{"ancestorTitles":["EmailSender","sendReceipt()メソッド"],"fullName":"EmailSender sendReceipt()メソッド 送信元メールアドレスが未設定の場合は空文字列","status":"passed","title":"送信元メールアドレスが未設定の場合は空文字列","duration":0.1977919999999358,"failureMessages":[],"meta":{}},{"ancestorTitles":["EmailSender","sendReceipt()メソッド"],"fullName":"EmailSender sendReceipt()メソッド 空のBase64データでも処理できる","status":"passed","title":"空のBase64データでも処理できる","duration":0.19783300000005966,"failureMessages":[],"meta":{}},{"ancestorTitles":["EmailSender","sendReceipt()メソッド"],"fullName":"EmailSender sendReceipt()メソッド 日時フォーマットが正しく動作する（異なる時刻）","status":"passed","title":"日時フォーマットが正しく動作する（異なる時刻）","duration":0.20987499999989723,"failureMessages":[],"meta":{}},{"ancestorTitles":["EmailSender","sendReceipt()メソッド"],"fullName":"EmailSender sendReceipt()メソッド 送信エラーの場合は適切にエラーを返す","status":"passed","title":"送信エラーの場合は適切にエラーを返す","duration":0.6435830000000351,"failureMessages":[],"meta":{}},{"ancestorTitles":["EmailSender","determineProxyUrl()メソッド（設計改善後）"],"fullName":"EmailSender determineProxyUrl()メソッド（設計改善後） 環境変数VITE_PROXY_URLが設定されている場合はそれを使用","status":"passed","title":"環境変数VITE_PROXY_URLが設定されている場合はそれを使用","duration":0.12045799999998508,"failureMessages":[],"meta":{}},{"ancestorTitles":["EmailSender","determineProxyUrl()メソッド（設計改善後）"],"fullName":"EmailSender determineProxyUrl()メソッド（設計改善後） 本番環境（receipt.dominion525.com）では空文字列を返す","status":"passed","title":"本番環境（receipt.dominion525.com）では空文字列を返す","duration":0.13754199999993943,"failureMessages":[],"meta":{}},{"ancestorTitles":["EmailSender","determineProxyUrl()メソッド（設計改善後）"],"fullName":"EmailSender determineProxyUrl()メソッド（設計改善後） localhost以外のホスト名では空文字列を返す","status":"passed","title":"localhost以外のホスト名では空文字列を返す","duration":0.07162500000004002,"failureMessages":[],"meta":{}},{"ancestorTitles":["EmailSender","determineProxyUrl()メソッド（設計改善後）"],"fullName":"EmailSender determineProxyUrl()メソッド（設計改善後） Node.js環境（windowがundefined）では開発環境URLを返す","status":"passed","title":"Node.js環境（windowがundefined）では開発環境URLを返す","duration":0.060500000000047294,"failureMessages":[],"meta":{}},{"ancestorTitles":["EmailSender","determineProxyUrl()メソッド（設計改善後）"],"fullName":"EmailSender determineProxyUrl()メソッド（設計改善後） 開発環境（localhost）では開発環境URLを返す","status":"passed","title":"開発環境（localhost）では開発環境URLを返す","duration":0.06216699999993125,"failureMessages":[],"meta":{}}],"startTime":1753695770320,"endTime":1753695770343.1375,"status":"passed","message":"","name":"/Users/satoshi/src/yayoi-receipt-for-smart/src/lib/__tests__/mail.test.ts"}],"coverageMap":{"/Users/satoshi/src/yayoi-receipt-for-smart/src/app.ts":{"path":"/Users/satoshi/src/yayoi-receipt-for-smart/src/app.ts","all":false,"statementMap":{"0":{"start":{"line":1,"column":0},"end":{"line":1,"column":40}},"1":{"start":{"line":2,"column":0},"end":{"line":2,"column":29}},"2":{"start":{"line":3,"column":0},"end":{"line":3,"column":74}},"3":{"start":{"line":4,"column":0},"end":{"line":4,"column":65}},"4":{"start":{"line":5,"column":0},"end":{"line":5,"column":55}},"21":{"start":{"line":22,"column":0},"end":{"line":22,"column":68}},"22":{"start":{"line":23,"column":0},"end":{"line":23,"column":10}},"23":{"start":{"line":24,"column":0},"end":{"line":24,"column":16}},"24":{"start":{"line":25,"column":0},"end":{"line":25,"column":16}},"25":{"start":{"line":26,"column":0},"end":{"line":26,"column":21}},"26":{"start":{"line":27,"column":0},"end":{"line":27,"column":21}},"27":{"start":{"line":28,"column":0},"end":{"line":28,"column":18}},"28":{"start":{"line":29,"column":0},"end":{"line":29,"column":24}},"29":{"start":{"line":30,"column":0},"end":{"line":30,"column":37}},"30":{"start":{"line":31,"column":0},"end":{"line":31,"column":19}},"31":{"start":{"line":32,"column":0},"end":{"line":32,"column":16}},"32":{"start":{"line":33,"column":0},"end":{"line":33,"column":17}},"33":{"start":{"line":34,"column":0},"end":{"line":34,"column":23}},"34":{"start":{"line":35,"column":0},"end":{"line":35,"column":20}},"35":{"start":{"line":36,"column":0},"end":{"line":36,"column":21}},"36":{"start":{"line":37,"column":0},"end":{"line":37,"column":6}},"37":{"start":{"line":38,"column":0},"end":{"line":38,"column":29}},"38":{"start":{"line":39,"column":0},"end":{"line":39,"column":25}},"39":{"start":{"line":40,"column":0},"end":{"line":40,"column":25}},"42":{"start":{"line":43,"column":0},"end":{"line":43,"column":30}},"43":{"start":{"line":44,"column":0},"end":{"line":44,"column":54}},"44":{"start":{"line":45,"column":0},"end":{"line":45,"column":6}},"47":{"start":{"line":48,"column":0},"end":{"line":48,"column":12}},"49":{"start":{"line":50,"column":0},"end":{"line":50,"column":33}},"50":{"start":{"line":51,"column":0},"end":{"line":51,"column":51}},"51":{"start":{"line":52,"column":0},"end":{"line":52,"column":7}},"52":{"start":{"line":53,"column":0},"end":{"line":53,"column":36}},"53":{"start":{"line":54,"column":0},"end":{"line":54,"column":57}},"54":{"start":{"line":55,"column":0},"end":{"line":55,"column":7}},"57":{"start":{"line":58,"column":0},"end":{"line":58,"column":81}},"58":{"start":{"line":59,"column":0},"end":{"line":59,"column":60}},"59":{"start":{"line":60,"column":0},"end":{"line":60,"column":14}},"61":{"start":{"line":62,"column":0},"end":{"line":62,"column":31}},"64":{"start":{"line":65,"column":0},"end":{"line":65,"column":85}},"65":{"start":{"line":66,"column":0},"end":{"line":66,"column":41}},"66":{"start":{"line":67,"column":0},"end":{"line":67,"column":31}},"67":{"start":{"line":68,"column":0},"end":{"line":68,"column":30}},"68":{"start":{"line":69,"column":0},"end":{"line":69,"column":88}},"69":{"start":{"line":70,"column":0},"end":{"line":70,"column":41}},"70":{"start":{"line":71,"column":0},"end":{"line":71,"column":67}},"71":{"start":{"line":72,"column":0},"end":{"line":72,"column":30}},"72":{"start":{"line":73,"column":0},"end":{"line":73,"column":11}},"73":{"start":{"line":74,"column":0},"end":{"line":74,"column":9}},"76":{"start":{"line":77,"column":0},"end":{"line":77,"column":79}},"77":{"start":{"line":78,"column":0},"end":{"line":78,"column":48}},"78":{"start":{"line":79,"column":0},"end":{"line":79,"column":65}},"79":{"start":{"line":80,"column":0},"end":{"line":80,"column":57}},"80":{"start":{"line":81,"column":0},"end":{"line":81,"column":30}},"81":{"start":{"line":82,"column":0},"end":{"line":82,"column":11}},"82":{"start":{"line":83,"column":0},"end":{"line":83,"column":9}},"84":{"start":{"line":85,"column":0},"end":{"line":85,"column":26}},"85":{"start":{"line":86,"column":0},"end":{"line":86,"column":62}},"86":{"start":{"line":87,"column":0},"end":{"line":87,"column":16}},"88":{"start":{"line":89,"column":0},"end":{"line":89,"column":56}},"89":{"start":{"line":90,"column":0},"end":{"line":90,"column":9}},"90":{"start":{"line":91,"column":0},"end":{"line":91,"column":7}},"93":{"start":{"line":94,"column":0},"end":{"line":94,"column":88}},"94":{"start":{"line":95,"column":0},"end":{"line":95,"column":63}},"95":{"start":{"line":96,"column":0},"end":{"line":96,"column":6}},"100":{"start":{"line":101,"column":0},"end":{"line":101,"column":14}},"101":{"start":{"line":102,"column":0},"end":{"line":102,"column":23}},"102":{"start":{"line":103,"column":0},"end":{"line":103,"column":23}},"103":{"start":{"line":104,"column":0},"end":{"line":104,"column":6}},"105":{"start":{"line":106,"column":0},"end":{"line":106,"column":20}},"106":{"start":{"line":107,"column":0},"end":{"line":107,"column":23}},"107":{"start":{"line":108,"column":0},"end":{"line":108,"column":23}},"108":{"start":{"line":109,"column":0},"end":{"line":109,"column":6}},"111":{"start":{"line":112,"column":0},"end":{"line":112,"column":38}},"112":{"start":{"line":113,"column":0},"end":{"line":113,"column":52}},"113":{"start":{"line":114,"column":0},"end":{"line":114,"column":35}},"115":{"start":{"line":116,"column":0},"end":{"line":116,"column":17}},"116":{"start":{"line":117,"column":0},"end":{"line":117,"column":56}},"118":{"start":{"line":119,"column":0},"end":{"line":119,"column":39}},"119":{"start":{"line":120,"column":0},"end":{"line":120,"column":32}},"120":{"start":{"line":121,"column":0},"end":{"line":121,"column":41}},"121":{"start":{"line":122,"column":0},"end":{"line":122,"column":53}},"123":{"start":{"line":124,"column":0},"end":{"line":124,"column":41}},"126":{"start":{"line":127,"column":0},"end":{"line":127,"column":31}},"129":{"start":{"line":130,"column":0},"end":{"line":130,"column":30}},"130":{"start":{"line":131,"column":0},"end":{"line":131,"column":44}},"131":{"start":{"line":132,"column":0},"end":{"line":132,"column":19}},"133":{"start":{"line":134,"column":0},"end":{"line":134,"column":53}},"134":{"start":{"line":135,"column":0},"end":{"line":135,"column":11}},"135":{"start":{"line":136,"column":0},"end":{"line":136,"column":9}},"137":{"start":{"line":138,"column":0},"end":{"line":138,"column":32}},"138":{"start":{"line":139,"column":0},"end":{"line":139,"column":42}},"139":{"start":{"line":140,"column":0},"end":{"line":140,"column":48}},"140":{"start":{"line":141,"column":0},"end":{"line":141,"column":9}},"142":{"start":{"line":143,"column":0},"end":{"line":143,"column":34}},"143":{"start":{"line":144,"column":0},"end":{"line":144,"column":7}},"146":{"start":{"line":147,"column":0},"end":{"line":147,"column":22}},"147":{"start":{"line":148,"column":0},"end":{"line":148,"column":6}},"149":{"start":{"line":150,"column":0},"end":{"line":150,"column":22}},"151":{"start":{"line":152,"column":0},"end":{"line":152,"column":55}},"152":{"start":{"line":153,"column":0},"end":{"line":153,"column":52}},"153":{"start":{"line":154,"column":0},"end":{"line":154,"column":27}},"154":{"start":{"line":155,"column":0},"end":{"line":155,"column":14}},"155":{"start":{"line":156,"column":0},"end":{"line":156,"column":7}},"157":{"start":{"line":158,"column":0},"end":{"line":158,"column":31}},"159":{"start":{"line":160,"column":0},"end":{"line":160,"column":11}},"160":{"start":{"line":161,"column":0},"end":{"line":161,"column":51}},"161":{"start":{"line":162,"column":0},"end":{"line":162,"column":22}},"162":{"start":{"line":163,"column":0},"end":{"line":163,"column":24}},"163":{"start":{"line":164,"column":0},"end":{"line":164,"column":38}},"164":{"start":{"line":165,"column":0},"end":{"line":165,"column":32}},"165":{"start":{"line":166,"column":0},"end":{"line":166,"column":32}},"167":{"start":{"line":168,"column":0},"end":{"line":168,"column":42}},"168":{"start":{"line":169,"column":0},"end":{"line":169,"column":32}},"169":{"start":{"line":170,"column":0},"end":{"line":170,"column":45}},"170":{"start":{"line":171,"column":0},"end":{"line":171,"column":35}},"171":{"start":{"line":172,"column":0},"end":{"line":172,"column":17}},"172":{"start":{"line":173,"column":0},"end":{"line":173,"column":22}},"173":{"start":{"line":174,"column":0},"end":{"line":174,"column":13}},"174":{"start":{"line":175,"column":0},"end":{"line":175,"column":11}},"175":{"start":{"line":176,"column":0},"end":{"line":176,"column":9}},"177":{"start":{"line":178,"column":0},"end":{"line":178,"column":34}},"178":{"start":{"line":179,"column":0},"end":{"line":179,"column":23}},"179":{"start":{"line":180,"column":0},"end":{"line":180,"column":9}},"181":{"start":{"line":182,"column":0},"end":{"line":182,"column":17}},"182":{"start":{"line":183,"column":0},"end":{"line":183,"column":34}},"183":{"start":{"line":184,"column":0},"end":{"line":184,"column":7}},"184":{"start":{"line":185,"column":0},"end":{"line":185,"column":6}},"190":{"start":{"line":191,"column":0},"end":{"line":191,"column":19}},"191":{"start":{"line":192,"column":0},"end":{"line":192,"column":38}},"192":{"start":{"line":193,"column":0},"end":{"line":193,"column":6}},"194":{"start":{"line":195,"column":0},"end":{"line":195,"column":32}},"195":{"start":{"line":196,"column":0},"end":{"line":196,"column":26}},"197":{"start":{"line":198,"column":0},"end":{"line":198,"column":24}},"198":{"start":{"line":199,"column":0},"end":{"line":199,"column":37}},"199":{"start":{"line":200,"column":0},"end":{"line":200,"column":27}},"200":{"start":{"line":201,"column":0},"end":{"line":201,"column":9}},"201":{"start":{"line":202,"column":0},"end":{"line":202,"column":15}},"202":{"start":{"line":203,"column":0},"end":{"line":203,"column":6}},"204":{"start":{"line":205,"column":0},"end":{"line":205,"column":101}},"205":{"start":{"line":206,"column":0},"end":{"line":206,"column":28}},"206":{"start":{"line":207,"column":0},"end":{"line":207,"column":215}},"208":{"start":{"line":209,"column":0},"end":{"line":209,"column":51}},"209":{"start":{"line":210,"column":0},"end":{"line":210,"column":30}},"212":{"start":{"line":213,"column":0},"end":{"line":213,"column":37}},"215":{"start":{"line":216,"column":0},"end":{"line":216,"column":40}},"216":{"start":{"line":217,"column":0},"end":{"line":217,"column":30}},"217":{"start":{"line":218,"column":0},"end":{"line":218,"column":7}},"220":{"start":{"line":221,"column":0},"end":{"line":221,"column":28}},"221":{"start":{"line":222,"column":0},"end":{"line":222,"column":77}},"222":{"start":{"line":223,"column":0},"end":{"line":223,"column":27}},"223":{"start":{"line":224,"column":0},"end":{"line":224,"column":60}},"224":{"start":{"line":225,"column":0},"end":{"line":225,"column":9}},"225":{"start":{"line":226,"column":0},"end":{"line":226,"column":8}},"226":{"start":{"line":227,"column":0},"end":{"line":227,"column":6}},"228":{"start":{"line":229,"column":0},"end":{"line":229,"column":22}},"229":{"start":{"line":230,"column":0},"end":{"line":230,"column":25}},"230":{"start":{"line":231,"column":0},"end":{"line":231,"column":26}},"231":{"start":{"line":232,"column":0},"end":{"line":232,"column":6}},"233":{"start":{"line":234,"column":0},"end":{"line":234,"column":27}},"234":{"start":{"line":235,"column":0},"end":{"line":235,"column":31}},"235":{"start":{"line":236,"column":0},"end":{"line":236,"column":42}},"238":{"start":{"line":239,"column":0},"end":{"line":239,"column":24}},"239":{"start":{"line":240,"column":0},"end":{"line":240,"column":34}},"240":{"start":{"line":241,"column":0},"end":{"line":241,"column":14}},"241":{"start":{"line":242,"column":0},"end":{"line":242,"column":6}},"244":{"start":{"line":245,"column":0},"end":{"line":245,"column":20}},"246":{"start":{"line":247,"column":0},"end":{"line":247,"column":27}},"247":{"start":{"line":248,"column":0},"end":{"line":248,"column":35}},"248":{"start":{"line":249,"column":0},"end":{"line":249,"column":37}},"249":{"start":{"line":250,"column":0},"end":{"line":250,"column":55}},"250":{"start":{"line":251,"column":0},"end":{"line":251,"column":49}},"251":{"start":{"line":252,"column":0},"end":{"line":252,"column":74}},"252":{"start":{"line":253,"column":0},"end":{"line":253,"column":7}},"253":{"start":{"line":254,"column":0},"end":{"line":254,"column":30}},"254":{"start":{"line":255,"column":0},"end":{"line":255,"column":6}},"256":{"start":{"line":257,"column":0},"end":{"line":257,"column":21}},"257":{"start":{"line":258,"column":0},"end":{"line":258,"column":31}},"259":{"start":{"line":260,"column":0},"end":{"line":260,"column":27}},"260":{"start":{"line":261,"column":0},"end":{"line":261,"column":18}},"261":{"start":{"line":262,"column":0},"end":{"line":262,"column":19}},"262":{"start":{"line":263,"column":0},"end":{"line":263,"column":25}},"263":{"start":{"line":264,"column":0},"end":{"line":264,"column":22}},"264":{"start":{"line":265,"column":0},"end":{"line":265,"column":23}},"265":{"start":{"line":266,"column":0},"end":{"line":266,"column":7}},"266":{"start":{"line":267,"column":0},"end":{"line":267,"column":6}},"268":{"start":{"line":269,"column":0},"end":{"line":269,"column":26}},"270":{"start":{"line":271,"column":0},"end":{"line":271,"column":70}},"273":{"start":{"line":274,"column":0},"end":{"line":274,"column":40}},"274":{"start":{"line":275,"column":0},"end":{"line":275,"column":46}},"275":{"start":{"line":276,"column":0},"end":{"line":276,"column":48}},"276":{"start":{"line":277,"column":0},"end":{"line":277,"column":67}},"277":{"start":{"line":278,"column":0},"end":{"line":278,"column":61}},"278":{"start":{"line":279,"column":0},"end":{"line":279,"column":50}},"279":{"start":{"line":280,"column":0},"end":{"line":280,"column":7}},"282":{"start":{"line":283,"column":0},"end":{"line":283,"column":46}},"284":{"start":{"line":285,"column":0},"end":{"line":285,"column":35}},"286":{"start":{"line":287,"column":0},"end":{"line":287,"column":28}},"287":{"start":{"line":288,"column":0},"end":{"line":288,"column":61}},"288":{"start":{"line":289,"column":0},"end":{"line":289,"column":14}},"290":{"start":{"line":291,"column":0},"end":{"line":291,"column":56}},"291":{"start":{"line":292,"column":0},"end":{"line":292,"column":54}},"292":{"start":{"line":293,"column":0},"end":{"line":293,"column":7}},"293":{"start":{"line":294,"column":0},"end":{"line":294,"column":6}},"296":{"start":{"line":297,"column":0},"end":{"line":297,"column":46}},"297":{"start":{"line":298,"column":0},"end":{"line":298,"column":31}},"299":{"start":{"line":300,"column":0},"end":{"line":300,"column":11}},"300":{"start":{"line":301,"column":0},"end":{"line":301,"column":59}},"301":{"start":{"line":302,"column":0},"end":{"line":302,"column":19}},"302":{"start":{"line":303,"column":0},"end":{"line":303,"column":22}},"303":{"start":{"line":304,"column":0},"end":{"line":304,"column":24}},"304":{"start":{"line":305,"column":0},"end":{"line":305,"column":38}},"305":{"start":{"line":306,"column":0},"end":{"line":306,"column":32}},"306":{"start":{"line":307,"column":0},"end":{"line":307,"column":32}},"308":{"start":{"line":309,"column":0},"end":{"line":309,"column":42}},"309":{"start":{"line":310,"column":0},"end":{"line":310,"column":32}},"310":{"start":{"line":311,"column":0},"end":{"line":311,"column":45}},"311":{"start":{"line":312,"column":0},"end":{"line":312,"column":35}},"312":{"start":{"line":313,"column":0},"end":{"line":313,"column":17}},"313":{"start":{"line":314,"column":0},"end":{"line":314,"column":22}},"314":{"start":{"line":315,"column":0},"end":{"line":315,"column":13}},"315":{"start":{"line":316,"column":0},"end":{"line":316,"column":11}},"316":{"start":{"line":317,"column":0},"end":{"line":317,"column":9}},"318":{"start":{"line":319,"column":0},"end":{"line":319,"column":34}},"319":{"start":{"line":320,"column":0},"end":{"line":320,"column":23}},"320":{"start":{"line":321,"column":0},"end":{"line":321,"column":9}},"322":{"start":{"line":323,"column":0},"end":{"line":323,"column":17}},"323":{"start":{"line":324,"column":0},"end":{"line":324,"column":34}},"324":{"start":{"line":325,"column":0},"end":{"line":325,"column":7}},"325":{"start":{"line":326,"column":0},"end":{"line":326,"column":5}},"326":{"start":{"line":327,"column":0},"end":{"line":327,"column":3}},"327":{"start":{"line":328,"column":0},"end":{"line":328,"column":1}},"330":{"start":{"line":331,"column":0},"end":{"line":331,"column":48}},"331":{"start":{"line":332,"column":0},"end":{"line":332,"column":39}},"332":{"start":{"line":333,"column":0},"end":{"line":333,"column":2}}},"s":{"0":1,"1":1,"2":1,"3":1,"4":1,"21":1,"22":68,"23":68,"24":68,"25":68,"26":68,"27":68,"28":68,"29":68,"30":68,"31":68,"32":68,"33":68,"34":68,"35":68,"36":68,"37":68,"38":68,"39":68,"42":68,"43":1,"44":1,"47":68,"49":10,"50":9,"51":9,"52":10,"53":9,"54":9,"57":10,"58":2,"59":10,"61":8,"64":8,"65":8,"66":8,"67":1,"68":8,"69":1,"70":1,"71":1,"72":1,"73":8,"76":8,"77":8,"78":8,"79":1,"80":1,"81":1,"82":8,"84":8,"85":3,"86":8,"88":5,"89":5,"90":8,"93":10,"94":10,"95":10,"100":68,"101":6,"102":6,"103":6,"105":68,"106":1,"107":1,"108":1,"111":68,"112":4,"113":4,"115":4,"116":3,"118":3,"119":3,"120":1,"121":1,"123":1,"126":1,"129":1,"130":1,"131":1,"133":1,"134":1,"135":1,"137":3,"138":1,"139":1,"140":1,"142":3,"143":3,"146":4,"147":4,"149":68,"151":7,"152":1,"153":1,"154":1,"155":1,"157":6,"159":6,"160":6,"161":6,"162":6,"163":6,"164":6,"165":4,"167":4,"168":3,"169":3,"170":2,"171":2,"172":3,"173":3,"174":4,"175":6,"177":7,"178":4,"179":4,"181":7,"182":6,"183":6,"184":7,"190":68,"191":2,"192":2,"194":68,"195":7,"197":7,"198":2,"199":1,"200":1,"201":7,"202":7,"204":68,"205":136,"206":136,"208":136,"209":136,"212":136,"215":136,"216":1,"217":1,"220":136,"221":136,"222":136,"223":134,"224":134,"225":136,"226":136,"228":68,"229":2,"230":2,"231":2,"233":68,"234":1,"235":1,"238":1,"239":1,"240":1,"241":1,"244":68,"246":5,"247":5,"248":5,"249":5,"250":5,"251":5,"252":5,"253":5,"254":5,"256":68,"257":6,"259":6,"260":6,"261":6,"262":6,"263":6,"264":6,"265":6,"266":6,"268":68,"270":6,"273":6,"274":6,"275":6,"276":6,"277":6,"278":6,"279":6,"282":6,"284":4,"286":4,"287":4,"288":6,"290":2,"291":2,"292":2,"293":6,"296":68,"297":3,"299":3,"300":3,"301":3,"302":3,"303":3,"304":3,"305":3,"306":1,"308":1,"309":1,"310":1,"311":1,"312"
[...]
"end":{"line":168,"column":38}},"locations":[{"start":{"line":164,"column":4},"end":{"line":168,"column":38}}]},"24":{"type":"branch","line":168,"loc":{"start":{"line":168,"column":38},"end":{"line":172,"column":5}},"locations":[{"start":{"line":168,"column":38},"end":{"line":172,"column":5}}]},"25":{"type":"branch","line":169,"loc":{"start":{"line":169,"column":55},"end":{"line":171,"column":7}},"locations":[{"start":{"line":169,"column":55},"end":{"line":171,"column":7}}]},"26":{"type":"branch","line":172,"loc":{"start":{"line":172,"column":4},"end":{"line":175,"column":34}},"locations":[{"start":{"line":172,"column":4},"end":{"line":175,"column":34}}]},"27":{"type":"branch","line":151,"loc":{"start":{"line":151,"column":52},"end":{"line":151,"column":75}},"locations":[{"start":{"line":151,"column":52},"end":{"line":151,"column":75}}]},"28":{"type":"branch","line":167,"loc":{"start":{"line":167,"column":49},"end":{"line":167,"column":69}},"locations":[{"start":{"line":167,"column":49},"end":{"line":167,"column":69}}]},"29":{"type":"branch","line":181,"loc":{"start":{"line":181,"column":9},"end":{"line":207,"column":3}},"locations":[{"start":{"line":181,"column":9},"end":{"line":207,"column":3}}]},"30":{"type":"branch","line":189,"loc":{"start":{"line":189,"column":34},"end":{"line":203,"column":15}},"locations":[{"start":{"line":189,"column":34},"end":{"line":203,"column":15}}]},"31":{"type":"branch","line":190,"loc":{"start":{"line":190,"column":22},"end":{"line":198,"column":13}},"locations":[{"start":{"line":190,"column":22},"end":{"line":198,"column":13}}]},"32":{"type":"branch","line":198,"loc":{"start":{"line":198,"column":6},"end":{"line":202,"column":7}},"locations":[{"start":{"line":198,"column":6},"end":{"line":202,"column":7}}]},"33":{"type":"branch","line":203,"loc":{"start":{"line":203,"column":4},"end":{"line":206,"column":5}},"locations":[{"start":{"line":203,"column":4},"end":{"line":206,"column":5}}]},"34":{"type":"branch","line":203,"loc":{"start":{"line":203,"column":26},"end":{"line":206,"column":5}},"locations":[{"start":{"line":203,"column":26},"end":{"line":206,"column":5}}]},"35":{"type":"branch","line":185,"loc":{"start":{"line":185,"column":13},"end":{"line":185,"column":48}},"locations":[{"start":{"line":185,"column":13},"end":{"line":185,"column":48}}]},"36":{"type":"branch","line":187,"loc":{"start":{"line":187,"column":46},"end":{"line":187,"column":65}},"locations":[{"start":{"line":187,"column":46},"end":{"line":187,"column":65}}]},"37":{"type":"branch","line":212,"loc":{"start":{"line":212,"column":9},"end":{"line":250,"column":3}},"locations":[{"start":{"line":212,"column":9},"end":{"line":250,"column":3}}]},"38":{"type":"branch","line":215,"loc":{"start":{"line":215,"column":21},"end":{"line":223,"column":5}},"locations":[{"start":{"line":215,"column":21},"end":{"line":223,"column":5}}]},"39":{"type":"branch","line":224,"loc":{"start":{"line":224,"column":52},"end":{"line":224,"column":86}},"locations":[{"start":{"line":224,"column":52},"end":{"line":224,"column":86}}]},"40":{"type":"branch","line":224,"loc":{"start":{"line":224,"column":82},"end":{"line":224,"column":88}},"locations":[{"start":{"line":224,"column":82},"end":{"line":224,"column":88}}]},"41":{"type":"branch","line":229,"loc":{"start":{"line":229,"column":43},"end":{"line":241,"column":15}},"locations":[{"start":{"line":229,"column":43},"end":{"line":241,"column":15}}]},"42":{"type":"branch","line":241,"loc":{"start":{"line":241,"column":4},"end":{"line":245,"column":5}},"locations":[{"start":{"line":241,"column":4},"end":{"line":245,"column":5}}]},"43":{"type":"branch","line":241,"loc":{"start":{"line":241,"column":30},"end":{"line":245,"column":5}},"locations":[{"start":{"line":241,"column":30},"end":{"line":245,"column":5}}]},"44":{"type":"branch","line":214,"loc":{"start":{"line":214,"column":51},"end":{"line":214,"column":71}},"locations":[{"start":{"line":214,"column":51},"end":{"line":214,"column":71}}]},"45":{"type":"branch","line":228,"loc":{"start":{"line":228,"column":54},"end":{"line":228,"column":77}},"locations":[{"start":{"line":228,"column":54},"end":{"line":228,"column":77}}]}},"b":{"0":[9],"1":[5],"2":[4],"3":[2],"4":[16],"5":[15],"6":[3],"7":[7],"8":[4],"9":[11],"10":[8],"11":[7],"12":[2],"13":[2],"14":[3],"15":[16],"16":[8],"17":[1],"18":[7],"19":[5],"20":[2],"21":[3],"22":[1],"23":[7],"24":[6],"25":[2],"26":[7],"27":[10],"28":[7],"29":[17],"30":[9],"31":[8],"32":[1],"33":[8],"34":[1],"35":[34],"36":[23],"37":[6],"38":[4],"39":[5],"40":[1],"41":[2],"42":[4],"43":[1],"44":[3],"45":[6]},"fnMap":{"0":{"name":"getDefaultSettings","decl":{"start":{"line":29,"column":9},"end":{"line":44,"column":3}},"loc":{"start":{"line":29,"column":9},"end":{"line":44,"column":3}},"line":29},"1":{"name":"load","decl":{"start":{"line":49,"column":9},"end":{"line":66,"column":3}},"loc":{"start":{"line":49,"column":9},"end":{"line":66,"column":3}},"line":49},"2":{"name":"save","decl":{"start":{"line":71,"column":9},"end":{"line":82,"column":3}},"loc":{"start":{"line":71,"column":9},"end":{"line":82,"column":3}},"line":71},"3":{"name":"isComplete","decl":{"start":{"line":87,"column":9},"end":{"line":89,"column":3}},"loc":{"start":{"line":87,"column":9},"end":{"line":89,"column":3}},"line":87},"4":{"name":"syncPresetsWithEmails","decl":{"start":{"line":96,"column":9},"end":{"line":140,"column":3}},"loc":{"start":{"line":96,"column":9},"end":{"line":140,"column":3}},"line":96},"5":{"name":"updatePresetsWithCurrentEmails","decl":{"start":{"line":145,"column":9},"end":{"line":176,"column":3}},"loc":{"start":{"line":145,"column":9},"end":{"line":176,"column":3}},"line":145},"6":{"name":"updateAllPreset","decl":{"start":{"line":181,"column":9},"end":{"line":207,"column":3}},"loc":{"start":{"line":181,"column":9},"end":{"line":207,"column":3}},"line":181},"7":{"name":"updatePresetsFromTempSettings","decl":{"start":{"line":212,"column":9},"end":{"line":250,"column":3}},"loc":{"start":{"line":212,"column":9},"end":{"line":250,"column":3}},"line":212}},"f":{"0":9,"1":5,"2":16,"3":7,"4":11,"5":8,"6":17,"7":6}},"/Users/satoshi/src/yayoi-receipt-for-smart/src/services/storage.service.ts":{"path":"/Users/satoshi/src/yayoi-receipt-for-smart/src/services/storage.service.ts","all":false,"statementMap":{"4":{"start":{"line":5,"column":0},"end":{"line":5,"column":29}},"11":{"start":{"line":12,"column":0},"end":{"line":12,"column":49}},"12":{"start":{"line":13,"column":0},"end":{"line":13,"column":9}},"13":{"start":{"line":14,"column":0},"end":{"line":14,"column":46}},"14":{"start":{"line":15,"column":0},"end":{"line":15,"column":43}},"15":{"start":{"line":16,"column":0},"end":{"line":16,"column":17}},"16":{"start":{"line":17,"column":0},"end":{"line":17,"column":21}},"18":{"start":{"line":19,"column":0},"end":{"line":19,"column":18}},"19":{"start":{"line":20,"column":0},"end":{"line":20,"column":5}},"20":{"start":{"line":21,"column":0},"end":{"line":21,"column":3}},"28":{"start":{"line":29,"column":0},"end":{"line":29,"column":50}},"29":{"start":{"line":30,"column":0},"end":{"line":30,"column":9}},"30":{"start":{"line":31,"column":0},"end":{"line":31,"column":44}},"31":{"start":{"line":32,"column":0},"end":{"line":32,"column":26}},"32":{"start":{"line":33,"column":0},"end":{"line":33,"column":27}},"33":{"start":{"line":34,"column":0},"end":{"line":34,"column":7}},"34":{"start":{"line":35,"column":0},"end":{"line":35,"column":34}},"35":{"start":{"line":36,"column":0},"end":{"line":36,"column":21}},"37":{"start":{"line":38,"column":0},"end":{"line":38,"column":25}},"38":{"start":{"line":39,"column":0},"end":{"line":39,"column":5}},"39":{"start":{"line":40,"column":0},"end":{"line":40,"column":3}},"46":{"start":{"line":47,"column":0},"end":{"line":47,"column":39}},"47":{"start":{"line":48,"column":0},"end":{"line":48,"column":9}},"48":{"start":{"line":49,"column":0},"end":{"line":49,"column":34}},"49":{"start":{"line":50,"column":0},"end":{"line":50,"column":17}},"50":{"start":{"line":51,"column":0},"end":{"line":51,"column":21}},"52":{"start":{"line":53,"column":0},"end":{"line":53,"column":18}},"53":{"start":{"line":54,"column":0},"end":{"line":54,"column":5}},"54":{"start":{"line":55,"column":0},"end":{"line":55,"column":3}},"61":{"start":{"line":62,"column":0},"end":{"line":62,"column":36}},"62":{"start":{"line":63,"column":0},"end":{"line":63,"column":9}},"63":{"start":{"line":64,"column":0},"end":{"line":64,"column":47}},"64":{"start":{"line":65,"column":0},"end":{"line":65,"column":21}},"66":{"start":{"line":67,"column":0},"end":{"line":67,"column":18}},"67":{"start":{"line":68,"column":0},"end":{"line":68,"column":5}},"68":{"start":{"line":69,"column":0},"end":{"line":69,"column":3}},"74":{"start":{"line":75,"column":0},"end":{"line":75,"column":27}},"75":{"start":{"line":76,"column":0},"end":{"line":76,"column":9}},"76":{"start":{"line":77,"column":0},"end":{"line":77,"column":26}},"77":{"start":{"line":78,"column":0},"end":{"line":78,"column":17}},"78":{"start":{"line":79,"column":0},"end":{"line":79,"column":21}},"80":{"start":{"line":81,"column":0},"end":{"line":81,"column":18}},"81":{"start":{"line":82,"column":0},"end":{"line":82,"column":5}},"82":{"start":{"line":83,"column":0},"end":{"line":83,"column":3}},"88":{"start":{"line":89,"column":0},"end":{"line":89,"column":53}},"89":{"start":{"line":90,"column":0},"end":{"line":90,"column":104}},"90":{"start":{"line":91,"column":0},"end":{"line":91,"column":11}},"91":{"start":{"line":92,"column":0},"end":{"line":92,"column":59}},"92":{"start":{"line":93,"column":0},"end":{"line":93,"column":60}},"93":{"start":{"line":94,"column":0},"end":{"line":94,"column":23}},"95":{"start":{"line":96,"column":0},"end":{"line":96,"column":17}},"96":{"start":{"line":97,"column":0},"end":{"line":97,"column":7}},"97":{"start":{"line":98,"column":0},"end":{"line":98,"column":5}},"98":{"start":{"line":99,"column":0},"end":{"line":99,"column":13}},"99":{"start":{"line":100,"column":0},"end":{"line":100,"column":3}},"100":{"start":{"line":101,"column":0},"end":{"line":101,"column":1}}},"s":{"4":1,"11":1,"12":6,"13":6,"14":6,"15":6,"16":6,"18":2,"19":2,"20":6,"28":1,"29":7,"30":7,"31":7,"32":3,"33":3,"34":3,"35":7,"37":2,"38":2,"39":7,"46":1,"47":3,"48":3,"49":3,"50":3,"52":1,"53":1,"54":3,"61":1,"62":5,"63":5,"64":5,"66":1,"67":1,"68":5,"74":1,"75":2,"76":2,"77":2,"78":2,"80":1,"81":1,"82":2,"88":1,"89":7,"90":5,"91":5,"92":5,"93":5,"95":1,"96":1,"97":5,"98":2,"99":7,"100":1},"branchMap":{"0":{"type":"branch","line":12,"loc":{"start":{"line":12,"column":9},"end":{"line":21,"column":3}},"locations":[{"start":{"line":12,"column":9},"end":{"line":21,"column":3}}]},"1":{"type":"branch","line":17,"loc":{"start":{"line":17,"column":4},"end":{"line":20,"column":5}},"locations":[{"start":{"line":17,"column":4},"end":{"line":20,"column":5}}]},"2":{"type":"branch","line":29,"loc":{"start":{"line":29,"column":9},"end":{"line":40,"column":3}},"locations":[{"start":{"line":29,"column":9},"end":{"line":40,"column":3}}]},"3":{"type":"branch","line":32,"loc":{"start":{"line":32,"column":25},"end":{"line":36,"column":13}},"locations":[{"start":{"line":32,"column":25},"end":{"line":36,"column":13}}]},"4":{"type":"branch","line":36,"loc":{"start":{"line":36,"column":4},"end":{"line":39,"column":5}},"locations":[{"start":{"line":36,"column":4},"end":{"line":39,"column":5}}]},"5":{"type":"branch","line":47,"loc":{"start":{"line":47,"column":9},"end":{"line":55,"column":3}},"locations":[{"start":{"line":47,"column":9},"end":{"line":55,"column":3}}]},"6":{"type":"branch","line":51,"loc":{"start":{"line":51,"column":4},"end":{"line":54,"column":5}},"locations":[{"start":{"line":51,"column":4},"end":{"line":54,"column":5}}]},"7":{"type":"branch","line":62,"loc":{"start":{"line":62,"column":9},"end":{"line":69,"column":3}},"locations":[{"start":{"line":62,"column":9},"end":{"line":69,"column":3}}]},"8":{"type":"branch","line":65,"loc":{"start":{"line":65,"column":4},"end":{"line":68,"column":5}},"locations":[{"start":{"line":65,"column":4},"end":{"line":68,"column":5}}]},"9":{"type":"branch","line":75,"loc":{"start":{"line":75,"column":9},"end":{"line":83,"column":3}},"locations":[{"start":{"line":75,"column":9},"end":{"line":83,"column":3}}]},"10":{"type":"branch","line":79,"loc":{"start":{"line":79,"column":4},"end":{"line":82,"column":5}},"locations":[{"start":{"line":79,"column":4},"end":{"line":82,"column":5}}]},"11":{"type":"branch","line":89,"loc":{"start":{"line":89,"column":2},"end":{"line":100,"column":3}},"locations":[{"start":{"line":89,"column":2},"end":{"line":100,"column":3}}]},"12":{"type":"branch","line":90,"loc":{"start":{"line":90,"column":29},"end":{"line":90,"column":70}},"locations":[{"start":{"line":90,"column":29},"end":{"line":90,"column":70}}]},"13":{"type":"branch","line":90,"loc":{"start":{"line":90,"column":57},"end":{"line":90,"column":103}},"locations":[{"start":{"line":90,"column":57},"end":{"line":90,"column":103}}]},"14":{"type":"branch","line":90,"loc":{"start":{"line":90,"column":103},"end":{"line":98,"column":5}},"locations":[{"start":{"line":90,"column":103},"end":{"line":98,"column":5}}]},"15":{"type":"branch","line":92,"loc":{"start":{"line":92,"column":58},"end":{"line":93,"column":34}},"locations":[{"start":{"line":92,"column":58},"end":{"line":93,"column":34}}]},"16":{"type":"branch","line":93,"loc":{"start":{"line":93,"column":25},"end":{"line":93,"column":40}},"locations":[{"start":{"line":93,"column":25},"end":{"line":93,"column":40}}]},"17":{"type":"branch","line":93,"loc":{"start":{"line":93,"column":49},"end":{"line":93,"column":60}},"locations":[{"start":{"line":93,"column":49},"end":{"line":93,"column":60}}]},"18":{"type":"branch","line":94,"loc":{"start":{"line":94,"column":6},"end":{"line":97,"column":7}},"locations":[{"start":{"line":94,"column":6},"end":{"line":97,"column":7}}]},"19":{"type":"branch","line":98,"loc":{"start":{"line":98,"column":4},"end":{"line":99,"column":13}},"locations":[{"start":{"line":98,"column":4},"end":{"line":99,"column":13}}]}},"b":{"0":[6],"1":[2],"2":[7],"3":[3],"4":[2],"5":[3],"6":[1],"7":[5],"8":[1],"9":[2],"10":[1],"11":[7],"12":[6],"13":[5],"14":[5],"15":[4],"16":[2],"17":[2],"18":[1],"19":[2]},"fnMap":{"0":{"name":"set","decl":{"start":{"line":12,"column":9},"end":{"line":21,"column":3}},"loc":{"start":{"line":12,"column":9},"end":{"line":21,"column":3}},"line":12},"1":{"name":"get","decl":{"start":{"line":29,"column":9},"end":{"line":40,"column":3}},"loc":{"start":{"line":29,"column":9},"end":{"line":40,"column":3}},"line":29},"2":{"name":"remove","decl":{"start":{"line":47,"column":9},"end":{"line":55,"column":3}},"loc":{"start":{"line":47,"column":9},"end":{"line":55,"column":3}},"line":47},"3":{"name":"has","decl":{"start":{"line":62,"column":9},"end":{"line":69,"column":3}},"loc":{"start":{"line":62,"column":9},"end":{"line":69,"column":3}},"line":62},"4":{"name":"clear","decl":{"start":{"line":75,"column":9},"end":{"line":83,"column":3}},"loc":{"start":{"line":75,"column":9},"end":{"line":83,"column":3}},"line":75},"5":{"name":"getAvailableSpace","decl":{"start":{"line":89,"column":2},"end":{"line":100,"column":3}},"loc":{"start":{"line":89,"column":2},"end":{"line":100,"column":3}},"line":89}},"f":{"0":6,"1":7,"2":3,"3":5,"4":2,"5":7}},"/Users/satoshi/src/yayoi-receipt-for-smart/src/utils/error.ts":{"path":"/Users/satoshi/src/yayoi-receipt-for-smart/src/utils/error.ts","all":false,"statementMap":{"3":{"start":{"line":4,"column":0},"end":{"line":4,"column":57}},"4":{"start":{"line":5,"column":0},"end":{"line":5,"column":32}},"5":{"start":{"line":6,"column":0},"end":{"line":6,"column":1}},"10":{"start":{"line":11,"column":0},"end":{"line":11,"column":57}},"11":{"start":{"line":12,"column":0},"end":{"line":12,"column":23}},"12":{"start":{"line":13,"column":0},"end":{"line":13,"column":46}},"13":{"start":{"line":14,"column":0},"end":{"line":14,"column":3}},"14":{"start":{"line":15,"column":0},"end":{"line":15,"column":34}},"15":{"start":{"line":16,"column":0},"end":{"line":16,"column":38}},"16":{"start":{"line":17,"column":0},"end":{"line":17,"column":3}},"17":{"start":{"line":18,"column":0},"end":{"line":18,"column":102}},"18":{"start":{"line":19,"column":0},"end":{"line":19,"column":46}},"19":{"start":{"line":20,"column":0},"end":{"line":20,"column":3}},"20":{"start":{"line":21,"column":0},"end":{"line":21,"column":27}},"21":{"start":{"line":22,"column":0},"end":{"line":22,"column":1}}},"s":{"3":1,"4":42,"5":42,"10":1,"11":33,"12":9,"13":9,"14":28,"15":3,"16":3,"17":33,"18":7,"19":7,"20":14,"21":14},"branchMap":{"0":{"type":"branch","line":4,"loc":{"start":{"line":4,"column":7},"end":{"line":6,"column":1}},"locations":[{"start":{"line":4,"column":7},"end":{"line":6,"column":1}}]},"1":{"type":"branch","line":11,"loc":{"start":{"line":11,"column":7},"end":{"line":22,"column":1}},"locations":[{"start":{"line":11,"column":7},"end":{"line":22,"column":1}}]},"2":{"type":"branch","line":12,"loc":{"start":{"line":12,"column":22},"end":{"line":14,"column":3}},"locations":[{"start":{"line":12,"column":22},"end":{"line":14,"column":3}}]},"3":{"type":"branch","line":13,"loc":{"start":{"line":13,"column":17},"end":{"line":13,"column":46}},"locations":[{"start":{"line":13,"column":17},"end":{"line":13,"column":46}}]},"4":{"type":"branch","line":14,"loc":{"start":{"line":14,"column":2},"end":{"line":18,"column":44}},"locations":[{"start":{"line":14,"column":2},"end":{"line":18,"column":44}}]},"5":{"type":"branch","line":14,"loc":{"start":{"line":14,"column":2},"end":{"line":15,"column":33}},"locations":[{"start":{"line":14,"column":2},"end":{"line":15,"column":33}}]},"6":{"type":"branch","line":15,"loc":{"start":{"line":15,"column":33},"end":{"line":17,"column":3}},"locations":[{"start":{"line":15,"column":33},"end":{"line":17,"column":3}}]},"7":{"type":"branch","line":16,"loc":{"start":{"line":16,"column":11},"end":{"line":16,"column":38}},"locations":[{"start":{"line":16,"column":11},"end":{"line":16,"column":38}}]},"8":{"type":"branch","line":17,"loc":{"start":{"line":17,"column":2},"end":{"line":18,"column":15}},"locations":[{"start":{"line":17,"column":2},"end":{"line":18,"column":15}}]},"9":{"type":"branch","line":18,"loc":{"start":{"line":18,"column":6},"end":{"line":18,"column":44}},"locations":[{"start":{"line":18,"column":6},"end":{"line":18,"column":44}}]},"10":{"type":"branch","line":18,"loc":{"start":{"line":18,"column":32},"end":{"line":18,"column":66}},"locations":[{"start":{"line":18,"column":32},"end":{"line":18,"column":66}}]},"11":{"type":"branch","line":18,"loc":{"start":{"line":18,"column":57},"end":{"line":18,"column":101}},"locations":[{"start":{"line":18,"column":57},"end":{"line":18,"column":101}}]},"12":{"type":"branch","line":18,"loc":{"start":{"line":18,"column":101},"end":{"line":22,"column":1}},"locations":[{"start":{"line":18,"column":101},"end":{"line":22,"column":1}}]},"13":{"type":"branch","line":18,"loc":{"start":{"line":18,"column":101},"end":{"line":20,"column":3}},"locations":[{"start":{"line":18,"column":101},"end":{"line":20,"column":3}}]},"14":{"type":"branch","line":19,"loc":{"start":{"line":19,"column":17},"end":{"line":19,"column":46}},"locations":[{"start":{"line":19,"column":17},"end":{"line":19,"column":46}}]},"15":{"type":"branch","line":20,"loc":{"start":{"line":20,"column":2},"end":{"line":22,"column":1}},"locations":[{"start":{"line":20,"column":2},"end":{"line":22,"column":1}}]}},"b":{"0":[42],"1":[33],"2":[9],"3":[3],"4":[28],"5":[24],"6":[3],"7":[1],"8":[21],"9":[18],"10":[14],"11":[10],"12":[28],"13":[7],"14":[1],"15":[14]},"fnMap":{"0":{"name":"isError","decl":{"start":{"line":4,"column":7},"end":{"line":6,"column":1}},"loc":{"start":{"line":4,"column":7},"end":{"line":6,"column":1}},"line":4},"1":{"name":"getErrorMessage","decl":{"start":{"line":11,"column":7},"end":{"line":22,"column":1}},"loc":{"start":{"line":11,"column":7},"end":{"line":22,"column":1}},"line":11}},"f":{"0":42,"1":33}}}}